TN:
SF:src/App.js
FN:79,(anonymous_0)
FN:95,(anonymous_1)
FN:96,(anonymous_2)
FN:161,(anonymous_3)
FN:174,RealtimeConnectionManager
FN:180,App
FNF:6
FNH:0
FNDA:0,(anonymous_0)
FNDA:0,(anonymous_1)
FNDA:0,(anonymous_2)
FNDA:0,(anonymous_3)
FNDA:0,RealtimeConnectionManager
FNDA:0,App
DA:79,0
DA:80,0
DA:81,0
DA:88,0
DA:91,0
DA:94,0
DA:95,0
DA:98,0
DA:100,0
DA:107,0
DA:111,0
DA:112,0
DA:116,0
DA:118,0
DA:119,0
DA:123,0
DA:126,0
DA:130,0
DA:131,0
DA:135,0
DA:137,0
DA:144,0
DA:152,0
DA:153,0
DA:156,0
DA:157,0
DA:158,0
DA:161,0
DA:162,0
DA:169,0
DA:175,0
DA:176,0
DA:177,0
DA:181,0
DA:194,0
LF:35
LH:0
BRDA:98,0,0,0
BRDA:98,0,1,0
BRDA:104,1,0,0
BRDA:104,1,1,0
BRDA:111,2,0,0
BRDA:111,2,1,0
BRDA:112,3,0,0
BRDA:112,3,1,0
BRDA:116,4,0,0
BRDA:116,4,1,0
BRDA:118,5,0,0
BRDA:118,5,1,0
BRDA:119,6,0,0
BRDA:119,6,1,0
BRDA:120,7,0,0
BRDA:120,7,1,0
BRDA:130,8,0,0
BRDA:130,8,1,0
BRDA:137,9,0,0
BRDA:137,9,1,0
BRDA:137,9,2,0
BRDA:137,9,3,0
BRDA:144,10,0,0
BRDA:144,10,1,0
BRDA:144,10,2,0
BRDA:144,10,3,0
BRDA:144,10,4,0
BRDA:144,10,5,0
BRDA:144,10,6,0
BRDA:152,11,0,0
BRDA:152,11,1,0
BRDA:152,12,0,0
BRDA:152,12,1,0
BRF:33
BRH:0
end_of_record
TN:
SF:src/index.js
FNF:0
FNH:0
DA:13,0
DA:15,0
DA:16,0
DA:24,0
DA:29,0
LF:5
LH:0
BRF:0
BRH:0
end_of_record
TN:
SF:src/reportWebVitals.js
FN:1,(anonymous_0)
FN:3,(anonymous_1)
FNF:2
FNH:0
FNDA:0,(anonymous_0)
FNDA:0,(anonymous_1)
DA:1,0
DA:2,0
DA:3,0
DA:4,0
DA:5,0
DA:6,0
DA:7,0
DA:8,0
LF:8
LH:0
BRDA:2,0,0,0
BRDA:2,0,1,0
BRDA:2,1,0,0
BRDA:2,1,1,0
BRF:4
BRH:0
end_of_record
TN:
SF:src/service-worker.js
FN:17,(anonymous_0)
FN:28,(anonymous_1)
FN:42,(anonymous_2)
FN:50,(anonymous_3)
FN:58,(anonymous_4)
FN:85,(anonymous_5)
FN:89,(anonymous_6)
FNF:7
FNH:0
FNDA:0,(anonymous_0)
FNDA:0,(anonymous_1)
FNDA:0,(anonymous_2)
FNDA:0,(anonymous_3)
FNDA:0,(anonymous_4)
FNDA:0,(anonymous_5)
FNDA:0,(anonymous_6)
DA:9,0
DA:12,0
DA:15,0
DA:16,0
DA:18,0
DA:19,0
DA:20,0
DA:21,0
DA:27,0
DA:28,0
DA:38,0
DA:39,0
DA:42,0
DA:43,0
DA:44,0
DA:45,0
DA:50,0
DA:51,0
DA:52,0
DA:54,0
DA:56,0
DA:57,0
DA:59,0
DA:60,0
DA:61,0
DA:62,0
DA:65,0
DA:66,0
DA:68,0
DA:69,0
DA:70,0
DA:72,0
DA:74,0
DA:76,0
DA:77,0
DA:85,0
DA:86,0
DA:88,0
DA:90,0
DA:91,0
DA:92,0
DA:93,0
DA:94,0
DA:95,0
DA:96,0
DA:98,0
DA:101,0
LF:47
LH:0
BRDA:18,0,0,0
BRDA:18,0,1,0
BRDA:19,1,0,0
BRDA:19,1,1,0
BRDA:20,2,0,0
BRDA:20,2,1,0
BRDA:28,3,0,0
BRDA:28,3,1,0
BRDA:43,4,0,0
BRDA:43,4,1,0
BRDA:54,5,0,0
BRDA:54,5,1,0
BRDA:56,6,0,0
BRDA:56,6,1,0
BRDA:60,7,0,0
BRDA:60,7,1,0
BRDA:68,8,0,0
BRDA:68,8,1,0
BRDA:68,9,0,0
BRDA:68,9,1,0
BRDA:94,10,0,0
BRDA:94,10,1,0
BRF:22
BRH:0
end_of_record
TN:
SF:src/serviceWorkerRegistration.js
FN:21,register
FN:32,(anonymous_1)
FN:41,(anonymous_2)
FN:55,registerValidSW
FN:58,(anonymous_4)
FN:59,(anonymous_5)
FN:65,(anonymous_6)
FN:73,(anonymous_7)
FN:80,(anonymous_8)
FN:86,(anonymous_9)
FN:91,(anonymous_10)
FN:121,(anonymous_11)
FN:126,(anonymous_12)
FN:133,checkValidServiceWorker
FN:138,(anonymous_14)
FN:146,(anonymous_15)
FN:147,(anonymous_16)
FN:156,(anonymous_17)
FN:161,unregister
FN:164,(anonymous_19)
FN:167,(anonymous_20)
FNF:21
FNH:0
FNDA:0,register
FNDA:0,(anonymous_1)
FNDA:0,(anonymous_2)
FNDA:0,registerValidSW
FNDA:0,(anonymous_4)
FNDA:0,(anonymous_5)
FNDA:0,(anonymous_6)
FNDA:0,(anonymous_7)
FNDA:0,(anonymous_8)
FNDA:0,(anonymous_9)
FNDA:0,(anonymous_10)
FNDA:0,(anonymous_11)
FNDA:0,(anonymous_12)
FNDA:0,checkValidServiceWorker
FNDA:0,(anonymous_14)
FNDA:0,(anonymous_15)
FNDA:0,(anonymous_16)
FNDA:0,(anonymous_17)
FNDA:0,unregister
FNDA:0,(anonymous_19)
FNDA:0,(anonymous_20)
DA:13,0
DA:22,0
DA:24,0
DA:25,0
DA:29,0
DA:32,0
DA:33,0
DA:35,0
DA:37,0
DA:41,0
DA:42,0
DA:49,0
DA:56,0
DA:59,0
DA:60,0
DA:61,0
DA:65,0
DA:66,0
DA:70,0
DA:73,0
DA:74,0
DA:78,0
DA:79,0
DA:80,0
DA:81,0
DA:82,0
DA:86,0
DA:87,0
DA:88,0
DA:89,0
DA:91,0
DA:92,0
DA:93,0
DA:95,0
DA:100,0
DA:101,0
DA:105,0
DA:110,0
DA:113,0
DA:114,0
DA:122,0
DA:125,0
DA:126,0
DA:127,0
DA:128,0
DA:129,0
DA:135,0
DA:140,0
DA:141,0
DA:146,0
DA:147,0
DA:148,0
DA:153,0
DA:157,0
DA:162,0
DA:163,0
DA:165,0
DA:168,0
LF:58
LH:0
BRDA:14,0,0,0
BRDA:14,0,1,0
BRDA:14,0,2,0
BRDA:22,1,0,0
BRDA:22,1,1,0
BRDA:22,2,0,0
BRDA:22,2,1,0
BRDA:25,3,0,0
BRDA:25,3,1,0
BRDA:35,4,0,0
BRDA:35,4,1,0
BRDA:60,5,0,0
BRDA:60,5,1,0
BRDA:81,6,0,0
BRDA:81,6,1,0
BRDA:88,7,0,0
BRDA:88,7,1,0
BRDA:92,8,0,0
BRDA:92,8,1,0
BRDA:93,9,0,0
BRDA:93,9,1,0
BRDA:100,10,0,0
BRDA:100,10,1,0
BRDA:100,11,0,0
BRDA:100,11,1,0
BRDA:113,12,0,0
BRDA:113,12,1,0
BRDA:113,13,0,0
BRDA:113,13,1,0
BRDA:127,14,0,0
BRDA:127,14,1,0
BRDA:141,15,0,0
BRDA:141,15,1,0
BRDA:142,16,0,0
BRDA:142,16,1,0
BRDA:142,16,2,0
BRDA:162,17,0,0
BRDA:162,17,1,0
BRF:38
BRH:0
end_of_record
TN:
SF:src/setupProxy.js
FN:13,(anonymous_0)
FNF:1
FNH:0
FNDA:0,(anonymous_0)
DA:11,0
DA:13,0
DA:15,0
DA:24,0
LF:4
LH:0
BRF:0
BRH:0
end_of_record
TN:
SF:src/components/BuyerProtectedRoute.jsx
FN:12,(anonymous_0)
FNF:1
FNH:0
FNDA:0,(anonymous_0)
DA:12,0
DA:13,0
DA:15,0
DA:16,0
DA:19,0
LF:5
LH:0
BRDA:15,0,0,0
BRDA:15,0,1,0
BRF:2
BRH:0
end_of_record
TN:
SF:src/components/ApplicationModal/ApplicationModal.jsx
FN:8,(anonymous_0)
FN:23,(anonymous_1)
FN:25,(anonymous_2)
FN:31,(anonymous_3)
FN:39,(anonymous_4)
FN:46,(anonymous_5)
FN:110,(anonymous_6)
FN:125,(anonymous_7)
FNF:8
FNH:0
FNDA:0,(anonymous_0)
FNDA:0,(anonymous_1)
FNDA:0,(anonymous_2)
FNDA:0,(anonymous_3)
FNDA:0,(anonymous_4)
FNDA:0,(anonymous_5)
FNDA:0,(anonymous_6)
FNDA:0,(anonymous_7)
DA:6,0
DA:8,0
DA:9,0
DA:17,0
DA:21,0
DA:23,0
DA:24,0
DA:25,0
DA:31,0
DA:32,0
DA:33,0
DA:35,0
DA:36,0
DA:37,0
DA:39,0
DA:46,0
DA:47,0
DA:50,0
DA:51,0
DA:52,0
DA:55,0
DA:56,0
DA:57,0
DA:61,0
DA:62,0
DA:63,0
DA:64,0
DA:68,0
DA:69,0
DA:70,0
DA:71,0
DA:74,0
DA:76,0
DA:78,0
DA:79,0
DA:80,0
DA:81,0
DA:82,0
DA:83,0
DA:84,0
DA:85,0
DA:86,0
DA:88,0
DA:94,0
DA:95,0
DA:97,0
DA:105,0
DA:110,0
DA:113,0
DA:114,0
DA:115,0
DA:117,0
DA:121,0
DA:123,0
DA:125,0
LF:55
LH:0
BRDA:33,0,0,0
BRDA:33,0,1,0
BRDA:35,1,0,0
BRDA:35,1,1,0
BRDA:50,2,0,0
BRDA:50,2,1,0
BRDA:50,3,0,0
BRDA:50,3,1,0
BRDA:50,3,2,0
BRDA:50,3,3,0
BRDA:55,4,0,0
BRDA:55,4,1,0
BRDA:55,5,0,0
BRDA:55,5,1,0
BRDA:62,6,0,0
BRDA:62,6,1,0
BRDA:69,7,0,0
BRDA:69,7,1,0
BRDA:94,8,0,0
BRDA:94,8,1,0
BRDA:95,9,0,0
BRDA:95,9,1,0
BRDA:114,10,0,0
BRDA:114,10,1,0
BRDA:121,11,0,0
BRDA:121,11,1,0
BRDA:231,12,0,0
BRDA:231,12,1,0
BRDA:268,13,0,0
BRDA:268,13,1,0
BRDA:324,14,0,0
BRDA:324,14,1,0
BRF:32
BRH:0
end_of_record
TN:
SF:src/components/businessSummary/Chart.js
FN:18,(anonymous_0)
FN:65,(anonymous_1)
FN:68,(anonymous_2)
FN:79,(anonymous_3)
FNF:4
FNH:0
FNDA:0,(anonymous_0)
FNDA:0,(anonymous_1)
FNDA:0,(anonymous_2)
FNDA:0,(anonymous_3)
DA:18,0
DA:19,0
DA:20,0
DA:21,0
DA:27,0
DA:65,0
DA:66,0
DA:67,0
DA:68,0
DA:69,0
DA:70,0
DA:79,0
DA:80,0
DA:81,0
DA:83,0
DA:88,0
DA:94,0
DA:96,0
DA:102,0
DA:105,0
DA:109,0
DA:111,0
LF:22
LH:0
BRDA:66,0,0,0
BRDA:66,0,1,0
BRDA:66,1,0,0
BRDA:66,1,1,0
BRDA:73,2,0,0
BRDA:73,2,1,0
BRDA:74,3,0,0
BRDA:74,3,1,0
BRDA:80,4,0,0
BRDA:80,4,1,0
BRDA:89,5,0,0
BRDA:89,5,1,0
BRDA:89,5,2,0
BRDA:89,5,3,0
BRDA:97,6,0,0
BRDA:97,6,1,0
BRDA:97,6,2,0
BRDA:97,6,3,0
BRF:18
BRH:0
end_of_record
TN:
SF:src/components/businessSummary/businessSummary.js
FN:30,(anonymous_0)
FN:34,(anonymous_1)
FN:47,(anonymous_2)
FN:49,(anonymous_3)
FN:57,(anonymous_4)
FN:61,(anonymous_5)
FN:63,(anonymous_6)
FN:97,(anonymous_7)
FN:98,(anonymous_8)
FN:102,(anonymous_9)
FN:109,(anonymous_10)
FN:110,(anonymous_11)
FN:119,(anonymous_12)
FN:121,(anonymous_13)
FN:122,(anonymous_14)
FN:128,(anonymous_15)
FN:131,(anonymous_16)
FN:135,(anonymous_17)
FN:137,(anonymous_18)
FN:146,(anonymous_19)
FN:148,(anonymous_20)
FN:158,(anonymous_21)
FN:159,(anonymous_22)
FN:166,(anonymous_23)
FN:169,(anonymous_24)
FN:180,(anonymous_25)
FN:211,(anonymous_26)
FN:217,(anonymous_27)
FN:222,(anonymous_28)
FN:229,(anonymous_29)
FN:241,(anonymous_30)
FN:253,(anonymous_31)
FN:269,(anonymous_32)
FN:283,(anonymous_33)
FN:288,(anonymous_34)
FN:290,(anonymous_35)
FN:293,(anonymous_36)
FN:299,(anonymous_37)
FN:309,(anonymous_38)
FN:311,(anonymous_39)
FN:317,(anonymous_40)
FN:337,(anonymous_41)
FN:354,(anonymous_42)
FN:355,(anonymous_43)
FN:378,(anonymous_44)
FN:415,(anonymous_45)
FN:434,(anonymous_46)
FN:526,(anonymous_47)
FN:544,(anonymous_48)
FNF:49
FNH:0
FNDA:0,(anonymous_0)
FNDA:0,(anonymous_1)
FNDA:0,(anonymous_2)
FNDA:0,(anonymous_3)
FNDA:0,(anonymous_4)
FNDA:0,(anonymous_5)
FNDA:0,(anonymous_6)
FNDA:0,(anonymous_7)
FNDA:0,(anonymous_8)
FNDA:0,(anonymous_9)
FNDA:0,(anonymous_10)
FNDA:0,(anonymous_11)
FNDA:0,(anonymous_12)
FNDA:0,(anonymous_13)
FNDA:0,(anonymous_14)
FNDA:0,(anonymous_15)
FNDA:0,(anonymous_16)
FNDA:0,(anonymous_17)
FNDA:0,(anonymous_18)
FNDA:0,(anonymous_19)
FNDA:0,(anonymous_20)
FNDA:0,(anonymous_21)
FNDA:0,(anonymous_22)
FNDA:0,(anonymous_23)
FNDA:0,(anonymous_24)
FNDA:0,(anonymous_25)
FNDA:0,(anonymous_26)
FNDA:0,(anonymous_27)
FNDA:0,(anonymous_28)
FNDA:0,(anonymous_29)
FNDA:0,(anonymous_30)
FNDA:0,(anonymous_31)
FNDA:0,(anonymous_32)
FNDA:0,(anonymous_33)
FNDA:0,(anonymous_34)
FNDA:0,(anonymous_35)
FNDA:0,(anonymous_36)
FNDA:0,(anonymous_37)
FNDA:0,(anonymous_38)
FNDA:0,(anonymous_39)
FNDA:0,(anonymous_40)
FNDA:0,(anonymous_41)
FNDA:0,(anonymous_42)
FNDA:0,(anonymous_43)
FNDA:0,(anonymous_44)
FNDA:0,(anonymous_45)
FNDA:0,(anonymous_46)
FNDA:0,(anonymous_47)
FNDA:0,(anonymous_48)
DA:30,0
DA:31,0
DA:34,0
DA:35,0
DA:36,0
DA:37,0
DA:38,0
DA:39,0
DA:40,0
DA:41,0
DA:42,0
DA:44,0
DA:45,0
DA:47,0
DA:48,0
DA:49,0
DA:50,0
DA:51,0
DA:54,0
DA:57,0
DA:58,0
DA:59,0
DA:61,0
DA:62,0
DA:63,0
DA:64,0
DA:66,0
DA:68,0
DA:69,0
DA:70,0
DA:71,0
DA:76,0
DA:77,0
DA:78,0
DA:81,0
DA:82,0
DA:83,0
DA:88,0
DA:89,0
DA:90,0
DA:92,0
DA:96,0
DA:97,0
DA:98,0
DA:101,0
DA:103,0
DA:104,0
DA:109,0
DA:110,0
DA:113,0
DA:119,0
DA:120,0
DA:121,0
DA:122,0
DA:129,0
DA:131,0
DA:134,0
DA:136,0
DA:137,0
DA:139,0
DA:146,0
DA:148,0
DA:151,0
DA:157,0
DA:158,0
DA:159,0
DA:160,0
DA:166,0
DA:169,0
DA:171,0
DA:172,0
DA:173,0
DA:174,0
DA:178,0
DA:180,0
DA:181,0
DA:183,0
DA:184,0
DA:187,0
DA:190,0
DA:193,0
DA:194,0
DA:197,0
DA:198,0
DA:211,0
DA:212,0
DA:213,0
DA:217,0
DA:218,0
DA:219,0
DA:222,0
DA:223,0
DA:224,0
DA:225,0
DA:228,0
DA:229,0
DA:230,0
DA:231,0
DA:232,0
DA:233,0
DA:234,0
DA:236,0
DA:241,0
DA:242,0
DA:243,0
DA:244,0
DA:245,0
DA:246,0
DA:249,0
DA:252,0
DA:253,0
DA:254,0
DA:255,0
DA:256,0
DA:257,0
DA:258,0
DA:259,0
DA:260,0
DA:263,0
DA:268,0
DA:270,0
DA:274,0
DA:275,0
DA:283,0
DA:285,0
DA:288,0
DA:289,0
DA:290,0
DA:293,0
DA:294,0
DA:295,0
DA:296,0
DA:297,0
DA:299,0
DA:300,0
DA:301,0
DA:302,0
DA:303,0
DA:304,0
DA:305,0
DA:306,0
DA:309,0
DA:310,0
DA:311,0
DA:313,0
DA:316,0
DA:317,0
DA:321,0
DA:337,0
DA:338,0
DA:343,0
DA:345,0
DA:354,0
DA:355,0
DA:358,0
DA:360,0
DA:379,0
DA:416,0
DA:435,0
DA:527,0
DA:545,0
LF:161
LH:0
BRDA:50,0,0,0
BRDA:50,0,1,0
BRDA:62,1,0,0
BRDA:62,1,1,0
BRDA:64,2,0,0
BRDA:64,2,1,0
BRDA:66,3,0,0
BRDA:66,3,1,0
BRDA:68,4,0,0
BRDA:68,4,1,0
BRDA:69,5,0,0
BRDA:69,5,1,0
BRDA:70,6,0,0
BRDA:70,6,1,0
BRDA:71,7,0,0
BRDA:71,7,1,0
BRDA:81,8,0,0
BRDA:81,8,1,0
BRDA:81,8,2,0
BRDA:82,9,0,0
BRDA:82,9,1,0
BRDA:83,10,0,0
BRDA:83,10,1,0
BRDA:85,11,0,0
BRDA:85,11,1,0
BRDA:89,12,0,0
BRDA:89,12,1,0
BRDA:89,13,0,0
BRDA:89,13,1,0
BRDA:106,14,0,0
BRDA:106,14,1,0
BRDA:106,14,2,0
BRDA:125,15,0,0
BRDA:125,15,1,0
BRDA:129,16,0,0
BRDA:129,16,1,0
BRDA:136,17,0,0
BRDA:136,17,1,0
BRDA:137,18,0,0
BRDA:137,18,1,0
BRDA:146,19,0,0
BRDA:146,19,1,0
BRDA:163,20,0,0
BRDA:163,20,1,0
BRDA:164,21,0,0
BRDA:164,21,1,0
BRDA:181,22,0,0
BRDA:181,22,1,0
BRDA:184,23,0,0
BRDA:184,23,1,0
BRDA:187,24,0,0
BRDA:187,24,1,0
BRDA:187,25,0,0
BRDA:187,25,1,0
BRDA:190,26,0,0
BRDA:190,26,1,0
BRDA:190,27,0,0
BRDA:190,27,1,0
BRDA:193,28,0,0
BRDA:193,28,1,0
BRDA:193,29,0,0
BRDA:193,29,1,0
BRDA:197,30,0,0
BRDA:197,30,1,0
BRDA:197,31,0,0
BRDA:197,31,1,0
BRDA:212,32,0,0
BRDA:212,32,1,0
BRDA:224,33,0,0
BRDA:224,33,1,0
BRDA:231,34,0,0
BRDA:231,34,1,0
BRDA:233,35,0,0
BRDA:233,35,1,0
BRDA:236,36,0,0
BRDA:236,36,1,0
BRDA:241,37,0,0
BRDA:241,37,1,0
BRDA:242,38,0,0
BRDA:242,38,1,0
BRDA:243,39,0,0
BRDA:243,39,1,0
BRDA:244,40,0,0
BRDA:244,40,1,0
BRDA:254,41,0,0
BRDA:254,41,1,0
BRDA:255,42,0,0
BRDA:255,42,1,0
BRDA:257,43,0,0
BRDA:257,43,1,0
BRDA:259,44,0,0
BRDA:259,44,1,0
BRDA:260,45,0,0
BRDA:260,45,1,0
BRDA:270,46,0,0
BRDA:270,46,1,0
BRDA:274,47,0,0
BRDA:274,47,1,0
BRDA:300,48,0,0
BRDA:300,48,1,0
BRDA:301,49,0,0
BRDA:301,49,1,0
BRDA:302,50,0,0
BRDA:302,50,1,0
BRDA:303,51,0,0
BRDA:303,51,1,0
BRDA:306,52,0,0
BRDA:306,52,1,0
BRDA:310,53,0,0
BRDA:310,53,1,0
BRDA:311,54,0,0
BRDA:311,54,1,0
BRDA:317,55,0,0
BRDA:317,55,1,0
BRDA:338,56,0,0
BRDA:338,56,1,0
BRDA:339,57,0,0
BRDA:339,57,1,0
BRDA:339,57,2,0
BRDA:364,58,0,0
BRDA:364,58,1,0
BRDA:370,59,0,0
BRDA:370,59,1,0
BRDA:388,60,0,0
BRDA:388,60,1,0
BRDA:388,61,0,0
BRDA:388,61,1,0
BRDA:414,62,0,0
BRDA:414,62,1,0
BRDA:414,63,0,0
BRDA:414,63,1,0
BRDA:433,64,0,0
BRDA:433,64,1,0
BRDA:433,65,0,0
BRDA:433,65,1,0
BRDA:457,66,0,0
BRDA:457,66,1,0
BRDA:462,67,0,0
BRDA:462,67,1,0
BRDA:476,68,0,0
BRDA:476,68,1,0
BRDA:476,69,0,0
BRDA:476,69,1,0
BRDA:480,70,0,0
BRDA:480,70,1,0
BRDA:481,71,0,0
BRDA:481,71,1,0
BRDA:491,72,0,0
BRDA:491,72,1,0
BRDA:492,73,0,0
BRDA:492,73,1,0
BRDA:525,74,0,0
BRDA:525,74,1,0
BRDA:525,75,0,0
BRDA:525,75,1,0
BRDA:543,76,0,0
BRDA:543,76,1,0
BRDA:543,77,0,0
BRDA:543,77,1,0
BRF:159
BRH:0
end_of_record
TN:
SF:src/components/cartDetails/CartDetails.js
FN:46,CartDetails
FN:72,(anonymous_1)
FN:73,(anonymous_2)
FN:96,(anonymous_3)
FN:107,(anonymous_4)
FN:115,(anonymous_5)
FN:122,(anonymous_6)
FN:128,(anonymous_7)
FN:130,(anonymous_8)
FN:135,(anonymous_9)
FN:140,(anonymous_10)
FN:159,(anonymous_11)
FN:169,(anonymous_12)
FN:187,(anonymous_13)
FN:188,(anonymous_14)
FN:192,(anonymous_15)
FN:202,(anonymous_16)
FN:213,(anonymous_17)
FN:234,(anonymous_18)
FN:237,(anonymous_19)
FN:243,(anonymous_20)
FN:255,(anonymous_21)
FN:267,(anonymous_22)
FN:278,(anonymous_23)
FN:292,(anonymous_24)
FN:302,(anonymous_25)
FN:322,(anonymous_26)
FN:329,(anonymous_27)
FN:358,(anonymous_28)
FN:373,(anonymous_29)
FN:382,(anonymous_30)
FN:410,(anonymous_31)
FN:425,(anonymous_32)
FN:480,(anonymous_33)
FN:487,(anonymous_34)
FN:491,(anonymous_35)
FN:494,(anonymous_36)
FN:500,(anonymous_37)
FN:505,(anonymous_38)
FN:506,(anonymous_39)
FN:507,(anonymous_40)
FN:521,(anonymous_41)
FN:524,(anonymous_42)
FN:531,(anonymous_43)
FN:533,(anonymous_44)
FN:547,(anonymous_45)
FN:550,(anonymous_46)
FN:558,(anonymous_47)
FN:561,(anonymous_48)
FN:571,(anonymous_49)
FN:575,(anonymous_50)
FN:600,(anonymous_51)
FN:688,(anonymous_52)
FN:725,(anonymous_53)
FN:744,(anonymous_54)
FN:745,(anonymous_55)
FN:755,(anonymous_56)
FN:765,(anonymous_57)
FN:771,(anonymous_58)
FN:819,(anonymous_59)
FN:844,(anonymous_60)
FN:848,(anonymous_61)
FN:881,(anonymous_62)
FN:910,(anonymous_63)
FN:980,(anonymous_64)
FN:1000,(anonymous_65)
FNF:66
FNH:9
FNDA:4,CartDetails
FNDA:2,(anonymous_1)
FNDA:0,(anonymous_2)
FNDA:0,(anonymous_3)
FNDA:0,(anonymous_4)
FNDA:0,(anonymous_5)
FNDA:0,(anonymous_6)
FNDA:0,(anonymous_7)
FNDA:0,(anonymous_8)
FNDA:2,(anonymous_9)
FNDA:2,(anonymous_10)
FNDA:0,(anonymous_11)
FNDA:0,(anonymous_12)
FNDA:8,(anonymous_13)
FNDA:0,(anonymous_14)
FNDA:0,(anonymous_15)
FNDA:0,(anonymous_16)
FNDA:0,(anonymous_17)
FNDA:0,(anonymous_18)
FNDA:0,(anonymous_19)
FNDA:0,(anonymous_20)
FNDA:0,(anonymous_21)
FNDA:0,(anonymous_22)
FNDA:0,(anonymous_23)
FNDA:0,(anonymous_24)
FNDA:0,(anonymous_25)
FNDA:0,(anonymous_26)
FNDA:0,(anonymous_27)
FNDA:0,(anonymous_28)
FNDA:0,(anonymous_29)
FNDA:0,(anonymous_30)
FNDA:0,(anonymous_31)
FNDA:0,(anonymous_32)
FNDA:0,(anonymous_33)
FNDA:0,(anonymous_34)
FNDA:0,(anonymous_35)
FNDA:0,(anonymous_36)
FNDA:0,(anonymous_37)
FNDA:0,(anonymous_38)
FNDA:0,(anonymous_39)
FNDA:0,(anonymous_40)
FNDA:0,(anonymous_41)
FNDA:0,(anonymous_42)
FNDA:4,(anonymous_43)
FNDA:0,(anonymous_44)
FNDA:2,(anonymous_45)
FNDA:0,(anonymous_46)
FNDA:2,(anonymous_47)
FNDA:2,(anonymous_48)
FNDA:0,(anonymous_49)
FNDA:0,(anonymous_50)
FNDA:0,(anonymous_51)
FNDA:0,(anonymous_52)
FNDA:0,(anonymous_53)
FNDA:0,(anonymous_54)
FNDA:0,(anonymous_55)
FNDA:0,(anonymous_56)
FNDA:0,(anonymous_57)
FNDA:0,(anonymous_58)
FNDA:0,(anonymous_59)
FNDA:0,(anonymous_60)
FNDA:0,(anonymous_61)
FNDA:0,(anonymous_62)
FNDA:0,(anonymous_63)
FNDA:0,(anonymous_64)
FNDA:0,(anonymous_65)
DA:44,1
DA:47,4
DA:48,4
DA:49,4
DA:50,4
DA:51,4
DA:52,4
DA:53,4
DA:54,4
DA:55,4
DA:56,4
DA:57,4
DA:58,4
DA:59,4
DA:60,4
DA:61,4
DA:62,4
DA:63,4
DA:64,4
DA:65,4
DA:66,4
DA:68,4
DA:72,4
DA:73,2
DA:74,0
DA:75,0
DA:77,0
DA:82,4
DA:83,4
DA:84,4
DA:94,4
DA:96,4
DA:97,0
DA:98,0
DA:100,0
DA:101,0
DA:103,0
DA:107,4
DA:108,0
DA:109,0
DA:110,0
DA:111,0
DA:114,0
DA:115,0
DA:116,0
DA:118,0
DA:119,0
DA:122,4
DA:123,0
DA:124,0
DA:125,0
DA:128,4
DA:130,0
DA:131,0
DA:135,4
DA:136,2
DA:140,4
DA:142,2
DA:146,2
DA:147,0
DA:157,4
DA:159,4
DA:161,0
DA:162,0
DA:165,0
DA:167,0
DA:168,0
DA:169,0
DA:170,0
DA:173,0
DA:176,0
DA:179,0
DA:183,0
DA:187,4
DA:188,8
DA:189,0
DA:190,0
DA:192,0
DA:193,0
DA:199,4
DA:201,4
DA:204,0
DA:205,0
DA:208,0
DA:210,0
DA:211,0
DA:212,0
DA:213,0
DA:214,0
DA:216,0
DA:217,0
DA:218,0
DA:219,0
DA:228,0
DA:234,4
DA:235,0
DA:236,0
DA:237,0
DA:240,0
DA:241,0
DA:244,0
DA:247,0
DA:252,4
DA:254,4
DA:257,0
DA:258,0
DA:261,0
DA:263,0
DA:264,0
DA:265,0
DA:267,0
DA:268,0
DA:269,0
DA:272,0
DA:275,0
DA:278,0
DA:279,0
DA:280,0
DA:281,0
DA:284,0
DA:290,4
DA:292,4
DA:294,0
DA:295,0
DA:298,0
DA:300,0
DA:301,0
DA:302,0
DA:303,0
DA:306,0
DA:309,0
DA:312,0
DA:316,0
DA:320,4
DA:322,4
DA:323,0
DA:331,0
DA:332,0
DA:335,0
DA:337,0
DA:339,0
DA:342,0
DA:346,0
DA:358,4
DA:359,0
DA:360,0
DA:361,0
DA:365,0
DA:366,0
DA:367,0
DA:370,0
DA:371,0
DA:373,0
DA:381,0
DA:382,0
DA:385,0
DA:386,0
DA:387,0
DA:391,0
DA:396,0
DA:399,0
DA:400,0
DA:401,0
DA:402,0
DA:403,0
DA:408,0
DA:410,0
DA:415,0
DA:416,0
DA:417,0
DA:421,0
DA:422,0
DA:424,0
DA:426,0
DA:427,0
DA:428,0
DA:436,0
DA:448,0
DA:449,0
DA:450,0
DA:463,0
DA:465,0
DA:466,0
DA:468,0
DA:473,0
DA:474,0
DA:476,0
DA:480,4
DA:481,0
DA:487,4
DA:488,0
DA:491,4
DA:492,0
DA:493,0
DA:494,0
DA:495,0
DA:497,0
DA:498,0
DA:500,0
DA:502,0
DA:505,0
DA:506,0
DA:507,0
DA:508,0
DA:509,0
DA:511,0
DA:512,0
DA:514,0
DA:516,0
DA:521,4
DA:522,0
DA:524,0
DA:531,4
DA:532,4
DA:533,0
DA:536,4
DA:537,4
DA:540,4
DA:543,4
DA:547,4
DA:548,2
DA:549,0
DA:550,0
DA:551,0
DA:552,0
DA:553,0
DA:558,4
DA:559,2
DA:560,2
DA:561,2
DA:562,2
DA:563,2
DA:571,4
DA:572,0
DA:575,4
DA:576,0
DA:577,0
DA:578,0
DA:579,0
DA:583,0
DA:585,0
DA:586,0
DA:597,0
DA:600,4
DA:601,0
DA:604,4
DA:606,4
DA:700,0
DA:701,0
DA:702,0
DA:703,0
DA:706,0
DA:707,0
DA:708,0
DA:709,0
DA:711,0
DA:718,0
DA:719,0
DA:726,0
DA:727,0
DA:744,0
DA:745,0
DA:756,0
DA:765,0
DA:772,0
DA:819,0
DA:845,0
DA:848,0
DA:882,0
DA:911,0
DA:980,0
DA:1001,0
DA:1002,0
LF:273
LH:74
BRDA:74,0,0,0
BRDA:74,0,1,0
BRDA:100,1,0,0
BRDA:100,1,1,0
BRDA:100,2,0,0
BRDA:100,2,1,0
BRDA:108,3,0,0
BRDA:108,3,1,0
BRDA:108,4,0,0
BRDA:108,4,1,0
BRDA:142,5,0,2
BRDA:142,5,1,2
BRDA:142,5,2,2
BRDA:146,6,0,0
BRDA:146,6,1,2
BRDA:146,7,0,2
BRDA:146,7,1,0
BRDA:161,8,0,0
BRDA:161,8,1,0
BRDA:170,9,0,0
BRDA:170,9,1,0
BRDA:189,10,0,0
BRDA:189,10,1,0
BRDA:204,11,0,0
BRDA:204,11,1,0
BRDA:212,12,0,0
BRDA:212,12,1,0
BRDA:214,13,0,0
BRDA:214,13,1,0
BRDA:236,14,0,0
BRDA:236,14,1,0
BRDA:240,15,0,0
BRDA:240,15,1,0
BRDA:244,16,0,0
BRDA:244,16,1,0
BRDA:257,17,0,0
BRDA:257,17,1,0
BRDA:265,18,0,0
BRDA:265,18,1,0
BRDA:268,19,0,0
BRDA:268,19,1,0
BRDA:294,20,0,0
BRDA:294,20,1,0
BRDA:303,21,0,0
BRDA:303,21,1,0
BRDA:331,22,0,0
BRDA:331,22,1,0
BRDA:359,23,0,0
BRDA:359,23,1,0
BRDA:365,24,0,0
BRDA:365,24,1,0
BRDA:365,25,0,0
BRDA:365,25,1,0
BRDA:371,26,0,0
BRDA:371,26,1,0
BRDA:375,27,0,0
BRDA:375,27,1,0
BRDA:385,28,0,0
BRDA:385,28,1,0
BRDA:385,29,0,0
BRDA:385,29,1,0
BRDA:391,30,0,0
BRDA:391,30,1,0
BRDA:392,31,0,0
BRDA:392,31,1,0
BRDA:392,31,2,0
BRDA:399,32,0,0
BRDA:399,32,1,0
BRDA:401,33,0,0
BRDA:401,33,1,0
BRDA:401,34,0,0
BRDA:401,34,1,0
BRDA:408,35,0,0
BRDA:408,35,1,0
BRDA:410,36,0,0
BRDA:410,36,1,0
BRDA:413,37,0,0
BRDA:413,37,1,0
BRDA:415,38,0,0
BRDA:415,38,1,0
BRDA:415,39,0,0
BRDA:415,39,1,0
BRDA:421,40,0,0
BRDA:421,40,1,0
BRDA:426,41,0,0
BRDA:426,41,1,0
BRDA:427,42,0,0
BRDA:427,42,1,0
BRDA:439,43,0,0
BRDA:439,43,1,0
BRDA:440,44,0,0
BRDA:440,44,1,0
BRDA:463,45,0,0
BRDA:463,45,1,0
BRDA:469,46,0,0
BRDA:469,46,1,0
BRDA:474,47,0,0
BRDA:474,47,1,0
BRDA:493,48,0,0
BRDA:493,48,1,0
BRDA:497,49,0,0
BRDA:497,49,1,0
BRDA:497,50,0,0
BRDA:497,50,1,0
BRDA:500,51,0,0
BRDA:500,51,1,0
BRDA:511,52,0,0
BRDA:511,52,1,0
BRDA:511,53,0,0
BRDA:511,53,1,0
BRDA:526,54,0,0
BRDA:526,54,1,0
BRDA:533,55,0,0
BRDA:533,55,1,0
BRDA:536,56,0,0
BRDA:536,56,1,4
BRDA:537,57,0,4
BRDA:537,57,1,4
BRDA:543,58,0,4
BRDA:543,58,1,0
BRDA:544,59,0,0
BRDA:544,59,1,0
BRDA:544,60,0,0
BRDA:544,60,1,0
BRDA:548,61,0,0
BRDA:548,61,1,2
BRDA:548,62,0,2
BRDA:548,62,1,0
BRDA:551,63,0,0
BRDA:551,63,1,0
BRDA:552,64,0,0
BRDA:552,64,1,0
BRDA:562,65,0,0
BRDA:562,65,1,2
BRDA:562,66,0,2
BRDA:562,66,1,0
BRDA:577,67,0,0
BRDA:577,67,1,0
BRDA:578,68,0,0
BRDA:578,68,1,0
BRDA:585,69,0,0
BRDA:585,69,1,0
BRDA:587,70,0,0
BRDA:587,70,1,0
BRDA:608,71,0,0
BRDA:608,71,1,4
BRDA:608,72,0,4
BRDA:608,72,1,4
BRDA:610,73,0,0
BRDA:610,73,1,0
BRDA:610,73,2,0
BRDA:610,73,3,0
BRDA:610,73,4,0
BRDA:618,74,0,0
BRDA:618,74,1,0
BRDA:639,75,0,0
BRDA:639,75,1,0
BRDA:639,76,0,0
BRDA:639,76,1,0
BRDA:639,76,2,0
BRDA:701,77,0,0
BRDA:701,77,1,0
BRDA:703,78,0,0
BRDA:703,78,1,0
BRDA:706,79,0,0
BRDA:706,79,1,0
BRDA:708,80,0,0
BRDA:708,80,1,0
BRDA:711,81,0,0
BRDA:711,81,1,0
BRDA:711,82,0,0
BRDA:711,82,1,0
BRDA:718,83,0,0
BRDA:718,83,1,0
BRDA:718,83,2,0
BRDA:722,84,0,0
BRDA:722,84,1,0
BRDA:722,84,2,0
BRDA:724,85,0,0
BRDA:724,85,1,0
BRDA:736,86,0,0
BRDA:736,86,1,0
BRDA:736,87,0,0
BRDA:736,87,1,0
BRDA:768,88,0,0
BRDA:768,88,1,0
BRDA:776,89,0,0
BRDA:776,89,1,0
BRDA:781,90,0,0
BRDA:781,90,1,0
BRDA:781,90,2,0
BRDA:787,91,0,0
BRDA:787,91,1,0
BRDA:788,92,0,0
BRDA:788,92,1,0
BRDA:788,92,2,0
BRDA:794,93,0,0
BRDA:794,93,1,0
BRDA:795,94,0,0
BRDA:795,94,1,0
BRDA:795,94,2,0
BRDA:809,95,0,0
BRDA:809,95,1,0
BRDA:809,95,2,0
BRDA:810,96,0,0
BRDA:810,96,1,0
BRDA:842,97,0,0
BRDA:842,97,1,0
BRDA:842,97,2,0
BRDA:846,98,0,0
BRDA:846,98,1,0
BRDA:846,98,2,0
BRDA:908,99,0,0
BRDA:908,99,1,0
BRDA:916,100,0,0
BRDA:916,100,1,0
BRDA:928,101,0,0
BRDA:928,101,1,0
BRDA:972,102,0,0
BRDA:972,102,1,0
BRDA:974,103,0,0
BRDA:974,103,1,0
BRDA:974,104,0,0
BRDA:974,104,1,0
BRF:224
BRH:16
end_of_record
TN:
SF:src/components/changePassword/ChangePassword.js
FN:14,(anonymous_0)
FN:19,(anonymous_1)
FN:24,(anonymous_2)
FNF:3
FNH:0
FNDA:0,(anonymous_0)
FNDA:0,(anonymous_1)
FNDA:0,(anonymous_2)
DA:8,0
DA:14,0
DA:15,0
DA:16,0
DA:17,0
DA:19,0
DA:20,0
DA:21,0
DA:24,0
DA:25,0
DA:27,0
DA:28,0
DA:31,0
DA:36,0
DA:37,0
DA:38,0
DA:41,0
LF:17
LH:0
BRDA:27,0,0,0
BRDA:27,0,1,0
BRF:2
BRH:0
end_of_record
TN:
SF:src/components/datePicker/DatePicker.jsx
FN:3,(anonymous_0)
FNF:1
FNH:0
FNDA:0,(anonymous_0)
DA:3,0
DA:9,0
LF:2
LH:0
BRF:0
BRH:0
end_of_record
TN:
SF:src/components/footer/Footer.js
FN:6,(anonymous_0)
FNF:1
FNH:0
FNDA:0,(anonymous_0)
DA:6,0
DA:7,0
LF:2
LH:0
BRF:0
BRH:0
end_of_record
TN:
SF:src/components/header/SiteNav.jsx
FN:9,(anonymous_0)
FN:16,(anonymous_1)
FN:18,check
FN:23,(anonymous_3)
FN:26,(anonymous_4)
FN:42,(anonymous_5)
FN:47,(anonymous_6)
FN:50,(anonymous_7)
FN:73,(anonymous_8)
FN:75,(anonymous_9)
FN:106,(anonymous_10)
FN:127,(anonymous_11)
FN:163,(anonymous_12)
FN:181,(anonymous_13)
FNF:14
FNH:0
FNDA:0,(anonymous_0)
FNDA:0,(anonymous_1)
FNDA:0,check
FNDA:0,(anonymous_3)
FNDA:0,(anonymous_4)
FNDA:0,(anonymous_5)
FNDA:0,(anonymous_6)
FNDA:0,(anonymous_7)
FNDA:0,(anonymous_8)
FNDA:0,(anonymous_9)
FNDA:0,(anonymous_10)
FNDA:0,(anonymous_11)
FNDA:0,(anonymous_12)
FNDA:0,(anonymous_13)
DA:9,0
DA:10,0
DA:11,0
DA:12,0
DA:13,0
DA:14,0
DA:16,0
DA:17,0
DA:19,0
DA:20,0
DA:22,0
DA:23,0
DA:26,0
DA:27,0
DA:28,0
DA:31,0
DA:32,0
DA:33,0
DA:34,0
DA:38,0
DA:42,0
DA:43,0
DA:47,0
DA:48,0
DA:49,0
DA:50,0
DA:51,0
DA:52,0
DA:53,0
DA:59,0
DA:73,0
DA:75,0
DA:106,0
DA:127,0
DA:163,0
DA:181,0
LF:36
LH:0
BRDA:20,0,0,0
BRDA:20,0,1,0
BRDA:31,1,0,0
BRDA:31,1,1,0
BRDA:33,2,0,0
BRDA:33,2,1,0
BRDA:48,3,0,0
BRDA:48,3,1,0
BRDA:52,4,0,0
BRDA:52,4,1,0
BRDA:80,5,0,0
BRDA:80,5,1,0
BRDA:116,6,0,0
BRDA:116,6,1,0
BRDA:196,7,0,0
BRDA:196,7,1,0
BRDA:210,8,0,0
BRDA:210,8,1,0
BRF:18
BRH:0
end_of_record
TN:
SF:src/components/imagePreview/ImagePreviewModal.jsx
FN:12,ImagePreviewModal
FN:19,(anonymous_1)
FN:22,(anonymous_2)
FN:29,(anonymous_3)
FN:35,(anonymous_4)
FNF:5
FNH:2
FNDA:4,ImagePreviewModal
FNDA:4,(anonymous_1)
FNDA:0,(anonymous_2)
FNDA:0,(anonymous_3)
FNDA:0,(anonymous_4)
DA:19,4
DA:20,4
DA:22,0
DA:23,0
DA:24,0
DA:28,0
DA:29,0
DA:32,4
DA:35,0
DA:36,0
DA:37,0
DA:41,0
LF:12
LH:3
BRDA:15,0,0,0
BRDA:20,1,0,4
BRDA:20,1,1,0
BRDA:23,2,0,0
BRDA:23,2,1,0
BRDA:32,3,0,4
BRDA:32,3,1,0
BRDA:32,4,0,4
BRDA:32,4,1,0
BRDA:36,5,0,0
BRDA:36,5,1,0
BRF:11
BRH:3
end_of_record
TN:
SF:src/components/inventoryHeader/FulfilmentHeader.jsx
FN:4,FulfilmentHeader
FNF:1
FNH:0
FNDA:0,FulfilmentHeader
DA:13,0
LF:1
LH:0
BRDA:7,0,0,0
BRDA:9,1,0,0
BRDA:10,2,0,0
BRDA:11,3,0,0
BRF:4
BRH:0
end_of_record
TN:
SF:src/components/inventoryHeader/InventoryHeader.jsx
FN:6,(anonymous_0)
FN:12,(anonymous_1)
FN:18,InventoryHeader
FN:37,(anonymous_3)
FN:38,(anonymous_4)
FN:45,(anonymous_5)
FN:48,(anonymous_6)
FN:52,(anonymous_7)
FN:59,(anonymous_8)
FN:69,(anonymous_9)
FN:70,(anonymous_10)
FN:102,(anonymous_11)
FN:123,(anonymous_12)
FN:128,(anonymous_13)
FN:144,(anonymous_14)
FN:152,(anonymous_15)
FN:160,(anonymous_16)
FN:168,(anonymous_17)
FN:179,(anonymous_18)
FN:184,(anonymous_19)
FN:197,(anonymous_20)
FN:202,(anonymous_21)
FN:217,(anonymous_22)
FN:222,(anonymous_23)
FNF:24
FNH:0
FNDA:0,(anonymous_0)
FNDA:0,(anonymous_1)
FNDA:0,InventoryHeader
FNDA:0,(anonymous_3)
FNDA:0,(anonymous_4)
FNDA:0,(anonymous_5)
FNDA:0,(anonymous_6)
FNDA:0,(anonymous_7)
FNDA:0,(anonymous_8)
FNDA:0,(anonymous_9)
FNDA:0,(anonymous_10)
FNDA:0,(anonymous_11)
FNDA:0,(anonymous_12)
FNDA:0,(anonymous_13)
FNDA:0,(anonymous_14)
FNDA:0,(anonymous_15)
FNDA:0,(anonymous_16)
FNDA:0,(anonymous_17)
FNDA:0,(anonymous_18)
FNDA:0,(anonymous_19)
FNDA:0,(anonymous_20)
FNDA:0,(anonymous_21)
FNDA:0,(anonymous_22)
FNDA:0,(anonymous_23)
DA:6,0
DA:7,0
DA:12,0
DA:13,0
DA:33,0
DA:34,0
DA:37,0
DA:38,0
DA:39,0
DA:40,0
DA:44,0
DA:45,0
DA:48,0
DA:49,0
DA:50,0
DA:51,0
DA:52,0
DA:55,0
DA:59,0
DA:60,0
DA:61,0
DA:62,0
DA:63,0
DA:64,0
DA:65,0
DA:69,0
DA:70,0
DA:73,0
DA:102,0
DA:124,0
DA:128,0
DA:144,0
DA:152,0
DA:160,0
DA:168,0
DA:180,0
DA:184,0
DA:198,0
DA:202,0
DA:218,0
DA:222,0
LF:41
LH:0
BRDA:21,0,0,0
BRDA:24,1,0,0
BRDA:25,2,0,0
BRDA:26,3,0,0
BRDA:27,4,0,0
BRDA:28,5,0,0
BRDA:29,6,0,0
BRDA:30,7,0,0
BRDA:31,8,0,0
BRDA:39,9,0,0
BRDA:39,9,1,0
BRDA:39,10,0,0
BRDA:39,10,1,0
BRDA:49,11,0,0
BRDA:49,11,1,0
BRDA:50,12,0,0
BRDA:50,12,1,0
BRDA:51,13,0,0
BRDA:51,13,1,0
BRDA:60,14,0,0
BRDA:60,14,1,0
BRDA:70,15,0,0
BRDA:70,15,1,0
BRDA:75,16,0,0
BRDA:75,16,1,0
BRDA:87,17,0,0
BRDA:87,17,1,0
BRDA:96,18,0,0
BRDA:96,18,1,0
BRDA:101,19,0,0
BRDA:101,19,1,0
BRDA:105,20,0,0
BRDA:105,20,1,0
BRDA:108,21,0,0
BRDA:108,21,1,0
BRDA:112,22,0,0
BRDA:112,22,1,0
BRDA:119,23,0,0
BRDA:119,23,1,0
BRDA:119,23,2,0
BRDA:127,24,0,0
BRDA:127,24,1,0
BRDA:143,25,0,0
BRDA:143,25,1,0
BRDA:151,26,0,0
BRDA:151,26,1,0
BRDA:159,27,0,0
BRDA:159,27,1,0
BRDA:167,28,0,0
BRDA:167,28,1,0
BRDA:175,29,0,0
BRDA:175,29,1,0
BRDA:175,29,2,0
BRDA:183,30,0,0
BRDA:183,30,1,0
BRDA:193,31,0,0
BRDA:193,31,1,0
BRDA:193,31,2,0
BRDA:201,32,0,0
BRDA:201,32,1,0
BRDA:205,33,0,0
BRDA:205,33,1,0
BRDA:213,34,0,0
BRDA:213,34,1,0
BRDA:213,34,2,0
BRDA:221,35,0,0
BRDA:221,35,1,0
BRF:67
BRH:0
end_of_record
TN:
SF:src/components/inventoryHeader/StatisticsHeader.jsx
FN:12,(anonymous_0)
FN:21,(anonymous_1)
FN:30,(anonymous_2)
FN:37,(anonymous_3)
FN:44,(anonymous_4)
FN:50,(anonymous_5)
FN:58,(anonymous_6)
FN:71,(anonymous_7)
FN:93,(anonymous_8)
FN:98,(anonymous_9)
FN:164,(anonymous_10)
FN:169,(anonymous_11)
FN:174,(anonymous_12)
FN:178,(anonymous_13)
FN:197,(anonymous_14)
FN:211,(anonymous_15)
FN:219,(anonymous_16)
FN:233,(anonymous_17)
FN:251,(anonymous_18)
FN:268,(anonymous_19)
FN:284,(anonymous_20)
FN:288,(anonymous_21)
FN:296,(anonymous_22)
FN:304,(anonymous_23)
FN:305,(anonymous_24)
FN:316,(anonymous_25)
FN:419,(anonymous_26)
FN:459,(anonymous_27)
FNF:28
FNH:0
FNDA:0,(anonymous_0)
FNDA:0,(anonymous_1)
FNDA:0,(anonymous_2)
FNDA:0,(anonymous_3)
FNDA:0,(anonymous_4)
FNDA:0,(anonymous_5)
FNDA:0,(anonymous_6)
FNDA:0,(anonymous_7)
FNDA:0,(anonymous_8)
FNDA:0,(anonymous_9)
FNDA:0,(anonymous_10)
FNDA:0,(anonymous_11)
FNDA:0,(anonymous_12)
FNDA:0,(anonymous_13)
FNDA:0,(anonymous_14)
FNDA:0,(anonymous_15)
FNDA:0,(anonymous_16)
FNDA:0,(anonymous_17)
FNDA:0,(anonymous_18)
FNDA:0,(anonymous_19)
FNDA:0,(anonymous_20)
FNDA:0,(anonymous_21)
FNDA:0,(anonymous_22)
FNDA:0,(anonymous_23)
FNDA:0,(anonymous_24)
FNDA:0,(anonymous_25)
FNDA:0,(anonymous_26)
FNDA:0,(anonymous_27)
DA:12,0
DA:13,0
DA:21,0
DA:22,0
DA:30,0
DA:31,0
DA:37,0
DA:38,0
DA:44,0
DA:45,0
DA:50,0
DA:51,0
DA:58,0
DA:71,0
DA:72,0
DA:79,0
DA:80,0
DA:81,0
DA:92,0
DA:95,0
DA:98,0
DA:99,0
DA:100,0
DA:101,0
DA:102,0
DA:105,0
DA:106,0
DA:107,0
DA:108,0
DA:109,0
DA:110,0
DA:113,0
DA:114,0
DA:115,0
DA:118,0
DA:119,0
DA:120,0
DA:122,0
DA:145,0
DA:146,0
DA:147,0
DA:148,0
DA:149,0
DA:150,0
DA:151,0
DA:152,0
DA:154,0
DA:155,0
DA:156,0
DA:157,0
DA:158,0
DA:159,0
DA:161,0
DA:164,0
DA:165,0
DA:166,0
DA:169,0
DA:170,0
DA:171,0
DA:174,0
DA:175,0
DA:178,0
DA:179,0
DA:181,0
DA:183,0
DA:184,0
DA:185,0
DA:186,0
DA:189,0
DA:190,0
DA:191,0
DA:192,0
DA:197,0
DA:198,0
DA:199,0
DA:200,0
DA:201,0
DA:202,0
DA:203,0
DA:204,0
DA:205,0
DA:206,0
DA:207,0
DA:211,0
DA:213,0
DA:214,0
DA:215,0
DA:216,0
DA:219,0
DA:220,0
DA:221,0
DA:223,0
DA:224,0
DA:226,0
DA:227,0
DA:228,0
DA:229,0
DA:230,0
DA:233,0
DA:234,0
DA:236,0
DA:237,0
DA:238,0
DA:240,0
DA:241,0
DA:242,0
DA:244,0
DA:245,0
DA:246,0
DA:247,0
DA:248,0
DA:251,0
DA:252,0
DA:254,0
DA:255,0
DA:256,0
DA:258,0
DA:259,0
DA:261,0
DA:262,0
DA:263,0
DA:264,0
DA:265,0
DA:268,0
DA:269,0
DA:271,0
DA:272,0
DA:274,0
DA:275,0
DA:277,0
DA:278,0
DA:279,0
DA:280,0
DA:281,0
DA:284,0
DA:285,0
DA:288,0
DA:289,0
DA:296,0
DA:297,0
DA:304,0
DA:305,0
DA:306,0
DA:311,0
DA:315,0
DA:316,0
DA:319,0
DA:420,0
DA:421,0
DA:459,0
LF:150
LH:0
BRDA:73,0,0,0
BRDA:73,0,1,0
BRDA:79,1,0,0
BRDA:79,1,1,0
BRDA:79,2,0,0
BRDA:79,2,1,0
BRDA:95,3,0,0
BRDA:95,3,1,0
BRDA:95,3,2,0
BRDA:98,4,0,0
BRDA:98,4,1,0
BRDA:99,5,0,0
BRDA:99,5,1,0
BRDA:100,6,0,0
BRDA:100,6,1,0
BRDA:101,7,0,0
BRDA:101,7,1,0
BRDA:105,8,0,0
BRDA:105,8,1,0
BRDA:106,9,0,0
BRDA:106,9,1,0
BRDA:107,10,0,0
BRDA:107,10,1,0
BRDA:108,11,0,0
BRDA:108,11,1,0
BRDA:109,12,0,0
BRDA:109,12,1,0
BRDA:110,13,0,0
BRDA:110,13,1,0
BRDA:113,14,0,0
BRDA:113,14,1,0
BRDA:113,15,0,0
BRDA:113,15,1,0
BRDA:114,16,0,0
BRDA:114,16,1,0
BRDA:114,17,0,0
BRDA:114,17,1,0
BRDA:115,18,0,0
BRDA:115,18,1,0
BRDA:115,19,0,0
BRDA:115,19,1,0
BRDA:118,20,0,0
BRDA:118,20,1,0
BRDA:119,21,0,0
BRDA:119,21,1,0
BRDA:120,22,0,0
BRDA:120,22,1,0
BRDA:145,23,0,0
BRDA:145,23,1,0
BRDA:146,24,0,0
BRDA:146,24,1,0
BRDA:147,25,0,0
BRDA:147,25,1,0
BRDA:148,26,0,0
BRDA:148,26,1,0
BRDA:149,27,0,0
BRDA:149,27,1,0
BRDA:150,28,0,0
BRDA:150,28,1,0
BRDA:151,29,0,0
BRDA:151,29,1,0
BRDA:154,30,0,0
BRDA:154,30,1,0
BRDA:155,31,0,0
BRDA:155,31,1,0
BRDA:166,32,0,0
BRDA:166,32,1,0
BRDA:171,33,0,0
BRDA:171,33,1,0
BRDA:175,34,0,0
BRDA:175,34,1,0
BRDA:183,35,0,0
BRDA:183,35,1,0
BRDA:189,36,0,0
BRDA:189,36,1,0
BRDA:198,37,0,0
BRDA:198,37,1,0
BRDA:198,38,0,0
BRDA:198,38,1,0
BRDA:306,39,0,0
BRDA:306,39,1,0
BRDA:307,40,0,0
BRDA:307,40,1,0
BRDA:307,40,2,0
BRDA:347,41,0,0
BRDA:347,41,1,0
BRDA:347,42,0,0
BRDA:347,42,1,0
BRDA:361,43,0,0
BRDA:361,43,1,0
BRDA:361,44,0,0
BRDA:361,44,1,0
BRDA:375,45,0,0
BRDA:375,45,1,0
BRDA:375,46,0,0
BRDA:375,46,1,0
BRDA:389,47,0,0
BRDA:389,47,1,0
BRDA:389,48,0,0
BRDA:389,48,1,0
BRDA:403,49,0,0
BRDA:403,49,1,0
BRDA:403,50,0,0
BRDA:403,50,1,0
BRDA:418,51,0,0
BRDA:418,51,1,0
BRDA:420,52,0,0
BRDA:420,52,1,0
BRDA:471,53,0,0
BRDA:471,53,1,0
BRDA:477,54,0,0
BRDA:477,54,1,0
BRDA:483,55,0,0
BRDA:483,55,1,0
BRDA:489,56,0,0
BRDA:489,56,1,0
BRF:116
BRH:0
end_of_record
TN:
SF:src/components/layout/BottomNav.jsx
FN:643,(anonymous_0)
FN:652,(anonymous_1)
FN:657,(anonymous_2)
FN:664,(anonymous_3)
FN:693,(anonymous_4)
FN:719,(anonymous_5)
FN:736,(anonymous_6)
FN:740,(anonymous_7)
FN:752,(anonymous_8)
FN:753,(anonymous_9)
FN:776,(anonymous_10)
FN:780,(anonymous_11)
FNF:12
FNH:0
FNDA:0,(anonymous_0)
FNDA:0,(anonymous_1)
FNDA:0,(anonymous_2)
FNDA:0,(anonymous_3)
FNDA:0,(anonymous_4)
FNDA:0,(anonymous_5)
FNDA:0,(anonymous_6)
FNDA:0,(anonymous_7)
FNDA:0,(anonymous_8)
FNDA:0,(anonymous_9)
FNDA:0,(anonymous_10)
FNDA:0,(anonymous_11)
DA:9,0
DA:115,0
DA:264,0
DA:339,0
DA:516,0
DA:589,0
DA:643,0
DA:644,0
DA:645,0
DA:646,0
DA:647,0
DA:648,0
DA:649,0
DA:650,0
DA:652,0
DA:653,0
DA:654,0
DA:657,0
DA:658,0
DA:659,0
DA:660,0
DA:661,0
DA:664,0
DA:665,0
DA:667,0
DA:668,0
DA:669,0
DA:670,0
DA:671,0
DA:672,0
DA:675,0
DA:682,0
DA:683,0
DA:684,0
DA:685,0
DA:688,0
DA:689,0
DA:693,0
DA:694,0
DA:696,0
DA:697,0
DA:700,0
DA:709,0
DA:710,0
DA:711,0
DA:714,0
DA:715,0
DA:719,0
DA:720,0
DA:722,0
DA:723,0
DA:724,0
DA:727,0
DA:731,0
DA:737,0
DA:740,0
DA:752,0
DA:753,0
DA:777,0
DA:780,0
LF:60
LH:0
BRDA:653,0,0,0
BRDA:653,0,1,0
BRDA:654,1,0,0
BRDA:654,1,1,0
BRDA:667,2,0,0
BRDA:667,2,1,0
BRDA:672,3,0,0
BRDA:672,3,1,0
BRDA:675,4,0,0
BRDA:675,4,1,0
BRDA:677,5,0,0
BRDA:677,5,1,0
BRDA:679,6,0,0
BRDA:679,6,1,0
BRDA:694,7,0,0
BRDA:694,7,1,0
BRDA:697,8,0,0
BRDA:697,8,1,0
BRDA:700,9,0,0
BRDA:700,9,1,0
BRDA:702,10,0,0
BRDA:702,10,1,0
BRDA:704,11,0,0
BRDA:704,11,1,0
BRDA:706,12,0,0
BRDA:706,12,1,0
BRDA:720,13,0,0
BRDA:720,13,1,0
BRDA:739,14,0,0
BRDA:739,14,1,0
BRDA:751,15,0,0
BRDA:751,15,1,0
BRDA:756,16,0,0
BRDA:756,16,1,0
BRDA:770,17,0,0
BRDA:770,17,1,0
BRDA:775,18,0,0
BRDA:775,18,1,0
BRDA:784,19,0,0
BRDA:784,19,1,0
BRF:40
BRH:0
end_of_record
TN:
SF:src/components/layout/Layout.js
FN:37,(anonymous_0)
FN:46,(anonymous_1)
FN:66,(anonymous_2)
FN:79,(anonymous_3)
FN:88,(anonymous_4)
FN:104,(anonymous_5)
FN:119,(anonymous_6)
FN:122,(anonymous_7)
FN:146,(anonymous_8)
FN:158,(anonymous_9)
FN:200,(anonymous_10)
FNF:11
FNH:0
FNDA:0,(anonymous_0)
FNDA:0,(anonymous_1)
FNDA:0,(anonymous_2)
FNDA:0,(anonymous_3)
FNDA:0,(anonymous_4)
FNDA:0,(anonymous_5)
FNDA:0,(anonymous_6)
FNDA:0,(anonymous_7)
FNDA:0,(anonymous_8)
FNDA:0,(anonymous_9)
FNDA:0,(anonymous_10)
DA:37,0
DA:38,0
DA:39,0
DA:40,0
DA:41,0
DA:42,0
DA:43,0
DA:44,0
DA:45,0
DA:46,0
DA:47,0
DA:48,0
DA:49,0
DA:50,0
DA:51,0
DA:52,0
DA:53,0
DA:59,0
DA:65,0
DA:66,0
DA:68,0
DA:70,0
DA:73,0
DA:78,0
DA:79,0
DA:81,0
DA:82,0
DA:83,0
DA:87,0
DA:89,0
DA:93,0
DA:103,0
DA:105,0
DA:108,0
DA:120,0
DA:122,0
DA:146,0
DA:158,0
DA:200,0
LF:39
LH:0
BRDA:81,0,0,0
BRDA:81,0,1,0
BRDA:81,1,0,0
BRDA:81,1,1,0
BRDA:89,2,0,0
BRDA:89,2,1,0
BRDA:105,3,0,0
BRDA:105,3,1,0
BRDA:111,4,0,0
BRDA:111,4,1,0
BRDA:152,5,0,0
BRDA:152,5,1,0
BRDA:162,6,0,0
BRDA:162,6,1,0
BRDA:187,7,0,0
BRDA:187,7,1,0
BRDA:205,8,0,0
BRDA:205,8,1,0
BRDA:205,8,2,0
BRDA:206,9,0,0
BRDA:206,9,1,0
BRDA:206,9,2,0
BRDA:209,10,0,0
BRDA:209,10,1,0
BRDA:209,10,2,0
BRDA:214,11,0,0
BRDA:214,11,1,0
BRDA:223,12,0,0
BRDA:223,12,1,0
BRDA:237,13,0,0
BRDA:237,13,1,0
BRF:31
BRH:0
end_of_record
TN:
SF:src/components/layout/SidebarItem.js
FN:4,(anonymous_0)
FN:7,(anonymous_1)
FN:25,(anonymous_2)
FN:43,(anonymous_3)
FN:50,(anonymous_4)
FN:56,(anonymous_5)
FN:62,(anonymous_6)
FN:91,(anonymous_7)
FN:120,(anonymous_8)
FN:126,(anonymous_9)
FN:135,(anonymous_10)
FNF:11
FNH:0
FNDA:0,(anonymous_0)
FNDA:0,(anonymous_1)
FNDA:0,(anonymous_2)
FNDA:0,(anonymous_3)
FNDA:0,(anonymous_4)
FNDA:0,(anonymous_5)
FNDA:0,(anonymous_6)
FNDA:0,(anonymous_7)
FNDA:0,(anonymous_8)
FNDA:0,(anonymous_9)
FNDA:0,(anonymous_10)
DA:4,0
DA:7,0
DA:8,0
DA:25,0
DA:26,0
DA:43,0
DA:44,0
DA:45,0
DA:49,0
DA:50,0
DA:53,0
DA:56,0
DA:57,0
DA:58,0
DA:62,0
DA:63,0
DA:64,0
DA:65,0
DA:69,0
DA:70,0
DA:92,0
DA:113,0
DA:120,0
DA:126,0
DA:135,0
LF:25
LH:0
BRDA:4,0,0,0
BRDA:4,0,1,0
BRDA:45,1,0,0
BRDA:45,1,1,0
BRDA:49,2,0,0
BRDA:49,2,1,0
BRDA:57,3,0,0
BRDA:57,3,1,0
BRDA:63,4,0,0
BRDA:63,4,1,0
BRDA:69,5,0,0
BRDA:69,5,1,0
BRDA:74,6,0,0
BRDA:74,6,1,0
BRDA:81,7,0,0
BRDA:81,7,1,0
BRDA:84,8,0,0
BRDA:84,8,1,0
BRDA:89,9,0,0
BRDA:89,9,1,0
BRDA:100,10,0,0
BRDA:100,10,1,0
BRDA:117,11,0,0
BRDA:117,11,1,0
BRDA:119,12,0,0
BRDA:119,12,1,0
BRDA:121,13,0,0
BRDA:121,13,1,0
BRDA:127,14,0,0
BRDA:127,14,1,0
BRDA:136,15,0,0
BRDA:136,15,1,0
BRF:32
BRH:0
end_of_record
TN:
SF:src/components/loader/ButtonSpinner.js
FN:4,(anonymous_0)
FNF:1
FNH:0
FNDA:0,(anonymous_0)
DA:4,0
DA:5,0
LF:2
LH:0
BRDA:4,0,0,0
BRDA:4,1,0,0
BRF:2
BRH:0
end_of_record
TN:
SF:src/components/loader/Loader.js
FN:5,(anonymous_0)
FN:23,(anonymous_1)
FNF:2
FNH:0
FNDA:0,(anonymous_0)
FNDA:0,(anonymous_1)
DA:5,0
DA:6,0
DA:23,0
DA:24,0
LF:4
LH:0
BRF:0
BRH:0
end_of_record
TN:
SF:src/components/offlineIndicator/OfflineIndicator.jsx
FN:4,(anonymous_0)
FN:9,(anonymous_1)
FN:10,(anonymous_2)
FN:15,(anonymous_3)
FN:21,(anonymous_4)
FN:35,(anonymous_5)
FNF:6
FNH:0
FNDA:0,(anonymous_0)
FNDA:0,(anonymous_1)
FNDA:0,(anonymous_2)
FNDA:0,(anonymous_3)
FNDA:0,(anonymous_4)
FNDA:0,(anonymous_5)
DA:4,0
DA:5,0
DA:6,0
DA:7,0
DA:9,0
DA:10,0
DA:11,0
DA:12,0
DA:15,0
DA:16,0
DA:17,0
DA:21,0
DA:22,0
DA:23,0
DA:24,0
DA:27,0
DA:28,0
DA:31,0
DA:32,0
DA:35,0
DA:36,0
DA:37,0
DA:42,0
DA:43,0
DA:47,0
DA:48,0
DA:93,0
LF:27
LH:0
BRDA:31,0,0,0
BRDA:31,0,1,0
BRDA:42,1,0,0
BRDA:42,1,1,0
BRDA:42,2,0,0
BRDA:42,2,1,0
BRDA:47,3,0,0
BRDA:47,3,1,0
BRDA:47,4,0,0
BRDA:47,4,1,0
BRDA:47,4,2,0
BRDA:49,5,0,0
BRDA:49,5,1,0
BRDA:51,6,0,0
BRDA:51,6,1,0
BRF:15
BRH:0
end_of_record
TN:
SF:src/components/pagination/NumberedPagination.jsx
FN:14,(anonymous_0)
FN:22,(anonymous_1)
FN:83,(anonymous_2)
FN:90,(anonymous_3)
FN:103,(anonymous_4)
FN:114,(anonymous_5)
FNF:6
FNH:0
FNDA:0,(anonymous_0)
FNDA:0,(anonymous_1)
FNDA:0,(anonymous_2)
FNDA:0,(anonymous_3)
FNDA:0,(anonymous_4)
FNDA:0,(anonymous_5)
DA:14,0
DA:20,0
DA:22,0
DA:23,0
DA:25,0
DA:27,0
DA:28,0
DA:32,0
DA:35,0
DA:36,0
DA:38,0
DA:39,0
DA:42,0
DA:43,0
DA:44,0
DA:48,0
DA:49,0
DA:50,0
DA:54,0
DA:55,0
DA:59,0
DA:60,0
DA:64,0
DA:65,0
DA:69,0
DA:70,0
DA:74,0
DA:77,0
DA:79,0
DA:83,0
DA:91,0
DA:92,0
DA:99,0
DA:103,0
DA:114,0
LF:35
LH:0
BRDA:18,0,0,0
BRDA:20,1,0,0
BRDA:20,1,1,0
BRDA:25,2,0,0
BRDA:25,2,1,0
BRDA:42,3,0,0
BRDA:42,3,1,0
BRDA:48,4,0,0
BRDA:48,4,1,0
BRDA:54,5,0,0
BRDA:54,5,1,0
BRDA:64,6,0,0
BRDA:64,6,1,0
BRDA:69,7,0,0
BRDA:69,7,1,0
BRDA:91,8,0,0
BRDA:91,8,1,0
BRDA:102,9,0,0
BRDA:102,9,1,0
BRDA:105,10,0,0
BRDA:105,10,1,0
BRF:21
BRH:0
end_of_record
TN:
SF:src/components/paymentUpdates/UpdatePayment.jsx
FN:3,(anonymous_0)
FN:88,(anonymous_1)
FN:104,(anonymous_2)
FNF:3
FNH:0
FNDA:0,(anonymous_0)
FNDA:0,(anonymous_1)
FNDA:0,(anonymous_2)
DA:3,1
DA:4,0
DA:6,0
DA:40,0
DA:88,1
DA:89,0
DA:104,1
DA:105,0
DA:107,0
DA:123,0
LF:10
LH:3
BRDA:3,0,0,0
BRDA:4,1,0,0
BRDA:4,1,1,0
BRDA:104,2,0,0
BRDA:105,3,0,0
BRDA:105,3,1,0
BRF:6
BRH:0
end_of_record
TN:
SF:src/components/product/addProductsBtn/AddProductsBtn.jsx
FN:13,AddProductsBtn
FN:17,(anonymous_1)
FN:21,(anonymous_2)
FN:32,(anonymous_3)
FN:36,(anonymous_4)
FN:51,(anonymous_5)
FN:75,(anonymous_6)
FN:90,(anonymous_7)
FNF:8
FNH:0
FNDA:0,AddProductsBtn
FNDA:0,(anonymous_1)
FNDA:0,(anonymous_2)
FNDA:0,(anonymous_3)
FNDA:0,(anonymous_4)
FNDA:0,(anonymous_5)
FNDA:0,(anonymous_6)
FNDA:0,(anonymous_7)
DA:14,0
DA:15,0
DA:16,0
DA:17,0
DA:18,0
DA:21,0
DA:22,0
DA:23,0
DA:27,0
DA:32,0
DA:36,0
DA:51,0
DA:75,0
DA:90,0
LF:14
LH:0
BRDA:22,0,0,0
BRDA:22,0,1,0
BRDA:30,1,0,0
BRDA:30,1,1,0
BRDA:87,2,0,0
BRDA:87,2,1,0
BRDA:87,3,0,0
BRDA:87,3,1,0
BRF:8
BRH:0
end_of_record
TN:
SF:src/components/product/outOfStockList/outOfStockList.js
FN:24,(anonymous_0)
FN:34,(anonymous_1)
FN:60,(anonymous_2)
FN:74,(anonymous_3)
FN:84,(anonymous_4)
FN:89,(anonymous_5)
FN:94,(anonymous_6)
FN:101,(anonymous_7)
FN:130,(anonymous_8)
FN:135,(anonymous_9)
FN:139,(anonymous_10)
FN:145,(anonymous_11)
FN:156,(anonymous_12)
FN:160,(anonymous_13)
FN:165,(anonymous_14)
FN:179,(anonymous_15)
FN:195,(anonymous_16)
FN:200,(anonymous_17)
FN:205,(anonymous_18)
FN:211,(anonymous_19)
FN:216,(anonymous_20)
FN:228,(anonymous_21)
FN:233,(anonymous_22)
FN:252,(anonymous_23)
FN:274,(anonymous_24)
FN:295,(anonymous_25)
FN:315,(anonymous_26)
FN:339,(anonymous_27)
FN:360,(anonymous_28)
FNF:29
FNH:0
FNDA:0,(anonymous_0)
FNDA:0,(anonymous_1)
FNDA:0,(anonymous_2)
FNDA:0,(anonymous_3)
FNDA:0,(anonymous_4)
FNDA:0,(anonymous_5)
FNDA:0,(anonymous_6)
FNDA:0,(anonymous_7)
FNDA:0,(anonymous_8)
FNDA:0,(anonymous_9)
FNDA:0,(anonymous_10)
FNDA:0,(anonymous_11)
FNDA:0,(anonymous_12)
FNDA:0,(anonymous_13)
FNDA:0,(anonymous_14)
FNDA:0,(anonymous_15)
FNDA:0,(anonymous_16)
FNDA:0,(anonymous_17)
FNDA:0,(anonymous_18)
FNDA:0,(anonymous_19)
FNDA:0,(anonymous_20)
FNDA:0,(anonymous_21)
FNDA:0,(anonymous_22)
FNDA:0,(anonymous_23)
FNDA:0,(anonymous_24)
FNDA:0,(anonymous_25)
FNDA:0,(anonymous_26)
FNDA:0,(anonymous_27)
FNDA:0,(anonymous_28)
DA:24,0
DA:25,0
DA:26,0
DA:28,0
DA:29,0
DA:31,0
DA:32,0
DA:33,0
DA:35,0
DA:41,0
DA:43,0
DA:44,0
DA:47,0
DA:52,0
DA:59,0
DA:60,0
DA:68,0
DA:69,0
DA:71,0
DA:74,0
DA:75,0
DA:83,0
DA:84,0
DA:88,0
DA:89,0
DA:94,0
DA:95,0
DA:96,0
DA:98,0
DA:101,0
DA:104,0
DA:110,0
DA:114,0
DA:117,0
DA:130,0
DA:131,0
DA:132,0
DA:135,0
DA:136,0
DA:139,0
DA:140,0
DA:141,0
DA:145,0
DA:146,0
DA:155,0
DA:156,0
DA:160,0
DA:161,0
DA:165,0
DA:166,0
DA:167,0
DA:168,0
DA:169,0
DA:170,0
DA:171,0
DA:172,0
DA:173,0
DA:174,0
DA:175,0
DA:179,0
DA:180,0
DA:181,0
DA:182,0
DA:183,0
DA:184,0
DA:185,0
DA:186,0
DA:187,0
DA:188,0
DA:191,0
DA:195,0
DA:196,0
DA:200,0
DA:201,0
DA:202,0
DA:205,0
DA:206,0
DA:211,0
DA:212,0
DA:216,0
DA:222,0
DA:228,0
DA:234,0
DA:235,0
DA:236,0
DA:237,0
DA:238,0
DA:239,0
DA:252,0
DA:275,0
DA:276,0
DA:295,0
DA:315,0
DA:340,0
DA:341,0
DA:360,0
LF:96
LH:0
BRDA:35,0,0,0
BRDA:35,0,1,0
BRDA:35,0,2,0
BRDA:41,1,0,0
BRDA:41,1,1,0
BRDA:45,2,0,0
BRDA:45,2,1,0
BRDA:48,3,0,0
BRDA:48,3,1,0
BRDA:53,4,0,0
BRDA:53,4,1,0
BRDA:76,5,0,0
BRDA:76,5,1,0
BRDA:76,5,2,0
BRDA:76,5,3,0
BRDA:84,6,0,0
BRDA:84,6,1,0
BRDA:89,7,0,0
BRDA:89,7,1,0
BRDA:95,8,0,0
BRDA:95,8,1,0
BRDA:96,9,0,0
BRDA:96,9,1,0
BRDA:98,10,0,0
BRDA:98,10,1,0
BRDA:104,11,0,0
BRDA:104,11,1,0
BRDA:104,11,2,0
BRDA:110,12,0,0
BRDA:110,12,1,0
BRDA:114,13,0,0
BRDA:114,13,1,0
BRDA:117,14,0,0
BRDA:117,14,1,0
BRDA:117,14,2,0
BRDA:140,15,0,0
BRDA:140,15,1,0
BRDA:145,16,0,0
BRDA:146,17,0,0
BRDA:146,17,1,0
BRDA:167,18,0,0
BRDA:167,18,1,0
BRDA:168,19,0,0
BRDA:168,19,1,0
BRDA:170,20,0,0
BRDA:170,20,1,0
BRDA:172,21,0,0
BRDA:172,21,1,0
BRDA:181,22,0,0
BRDA:181,22,1,0
BRDA:182,23,0,0
BRDA:182,23,1,0
BRDA:184,24,0,0
BRDA:184,24,1,0
BRDA:186,25,0,0
BRDA:186,25,1,0
BRDA:234,26,0,0
BRDA:234,26,1,0
BRDA:236,27,0,0
BRDA:236,27,1,0
BRDA:238,28,0,0
BRDA:238,28,1,0
BRDA:242,29,0,0
BRDA:242,29,1,0
BRDA:243,30,0,0
BRDA:243,30,1,0
BRDA:247,31,0,0
BRDA:247,31,1,0
BRDA:255,32,0,0
BRDA:255,32,1,0
BRDA:257,33,0,0
BRDA:257,33,1,0
BRDA:259,34,0,0
BRDA:259,34,1,0
BRDA:273,35,0,0
BRDA:273,35,1,0
BRDA:285,36,0,0
BRDA:285,36,1,0
BRDA:292,37,0,0
BRDA:292,37,1,0
BRDA:318,38,0,0
BRDA:318,38,1,0
BRDA:320,39,0,0
BRDA:320,39,1,0
BRDA:322,40,0,0
BRDA:322,40,1,0
BRDA:338,41,0,0
BRDA:338,41,1,0
BRDA:350,42,0,0
BRDA:350,42,1,0
BRDA:357,43,0,0
BRDA:357,43,1,0
BRF:92
BRH:0
end_of_record
TN:
SF:src/components/product/productGroupList/GroupItem.jsx
FN:34,GroupItem
FN:59,(anonymous_1)
FN:60,(anonymous_2)
FN:62,(anonymous_3)
FN:66,(anonymous_4)
FN:67,(anonymous_5)
FN:74,(anonymous_6)
FN:83,(anonymous_7)
FN:88,(anonymous_8)
FN:89,(anonymous_9)
FN:113,(anonymous_10)
FN:116,(anonymous_11)
FN:121,(anonymous_12)
FN:123,(anonymous_13)
FN:124,(anonymous_14)
FN:127,(anonymous_15)
FN:130,(anonymous_16)
FN:149,(anonymous_17)
FN:151,(anonymous_18)
FN:165,(anonymous_19)
FN:169,(anonymous_20)
FN:176,(anonymous_21)
FN:182,(anonymous_22)
FN:202,(anonymous_23)
FN:204,(anonymous_24)
FN:233,(anonymous_25)
FN:260,(anonymous_26)
FN:261,(anonymous_27)
FN:266,(anonymous_28)
FN:274,(anonymous_29)
FN:279,(anonymous_30)
FN:302,(anonymous_31)
FN:309,(anonymous_32)
FN:311,(anonymous_33)
FN:317,(anonymous_34)
FN:320,(anonymous_35)
FN:324,(anonymous_36)
FN:327,(anonymous_37)
FN:362,(anonymous_38)
FN:369,(anonymous_39)
FN:379,(anonymous_40)
FN:384,(anonymous_41)
FN:395,(anonymous_42)
FN:411,(anonymous_43)
FN:434,(anonymous_44)
FN:474,(anonymous_45)
FN:500,(anonymous_46)
FN:511,(anonymous_47)
FN:518,(anonymous_48)
FN:548,(anonymous_49)
FN:606,(anonymous_50)
FN:648,(anonymous_51)
FN:656,(anonymous_52)
FN:664,(anonymous_53)
FN:671,(anonymous_54)
FN:704,(anonymous_55)
FN:774,(anonymous_56)
FN:774,(anonymous_57)
FN:781,(anonymous_58)
FN:789,(anonymous_59)
FN:800,(anonymous_60)
FN:801,(anonymous_61)
FN:827,(anonymous_62)
FNF:63
FNH:0
FNDA:0,GroupItem
FNDA:0,(anonymous_1)
FNDA:0,(anonymous_2)
FNDA:0,(anonymous_3)
FNDA:0,(anonymous_4)
FNDA:0,(anonymous_5)
FNDA:0,(anonymous_6)
FNDA:0,(anonymous_7)
FNDA:0,(anonymous_8)
FNDA:0,(anonymous_9)
FNDA:0,(anonymous_10)
FNDA:0,(anonymous_11)
FNDA:0,(anonymous_12)
FNDA:0,(anonymous_13)
FNDA:0,(anonymous_14)
FNDA:0,(anonymous_15)
FNDA:0,(anonymous_16)
FNDA:0,(anonymous_17)
FNDA:0,(anonymous_18)
FNDA:0,(anonymous_19)
FNDA:0,(anonymous_20)
FNDA:0,(anonymous_21)
FNDA:0,(anonymous_22)
FNDA:0,(anonymous_23)
FNDA:0,(anonymous_24)
FNDA:0,(anonymous_25)
FNDA:0,(anonymous_26)
FNDA:0,(anonymous_27)
FNDA:0,(anonymous_28)
FNDA:0,(anonymous_29)
FNDA:0,(anonymous_30)
FNDA:0,(anonymous_31)
FNDA:0,(anonymous_32)
FNDA:0,(anonymous_33)
FNDA:0,(anonymous_34)
FNDA:0,(anonymous_35)
FNDA:0,(anonymous_36)
FNDA:0,(anonymous_37)
FNDA:0,(anonymous_38)
FNDA:0,(anonymous_39)
FNDA:0,(anonymous_40)
FNDA:0,(anonymous_41)
FNDA:0,(anonymous_42)
FNDA:0,(anonymous_43)
FNDA:0,(anonymous_44)
FNDA:0,(anonymous_45)
FNDA:0,(anonymous_46)
FNDA:0,(anonymous_47)
FNDA:0,(anonymous_48)
FNDA:0,(anonymous_49)
FNDA:0,(anonymous_50)
FNDA:0,(anonymous_51)
FNDA:0,(anonymous_52)
FNDA:0,(anonymous_53)
FNDA:0,(anonymous_54)
FNDA:0,(anonymous_55)
FNDA:0,(anonymous_56)
FNDA:0,(anonymous_57)
FNDA:0,(anonymous_58)
FNDA:0,(anonymous_59)
FNDA:0,(anonymous_60)
FNDA:0,(anonymous_61)
FNDA:0,(anonymous_62)
DA:35,0
DA:36,0
DA:37,0
DA:38,0
DA:39,0
DA:40,0
DA:41,0
DA:42,0
DA:43,0
DA:44,0
DA:45,0
DA:46,0
DA:47,0
DA:48,0
DA:49,0
DA:50,0
DA:51,0
DA:52,0
DA:53,0
DA:54,0
DA:55,0
DA:57,0
DA:59,0
DA:60,0
DA:61,0
DA:62,0
DA:63,0
DA:64,0
DA:66,0
DA:67,0
DA:68,0
DA:69,0
DA:74,0
DA:75,0
DA:76,0
DA:77,0
DA:79,0
DA:80,0
DA:83,0
DA:88,0
DA:89,0
DA:90,0
DA:91,0
DA:92,0
DA:93,0
DA:96,0
DA:108,0
DA:109,0
DA:113,0
DA:114,0
DA:116,0
DA:121,0
DA:122,0
DA:123,0
DA:124,0
DA:127,0
DA:128,0
DA:130,0
DA:131,0
DA:132,0
DA:134,0
DA:135,0
DA:137,0
DA:138,0
DA:141,0
DA:142,0
DA:146,0
DA:149,0
DA:150,0
DA:151,0
DA:152,0
DA:157,0
DA:165,0
DA:166,0
DA:169,0
DA:170,0
DA:171,0
DA:172,0
DA:173,0
DA:176,0
DA:177,0
DA:180,0
DA:182,0
DA:183,0
DA:185,0
DA:186,0
DA:187,0
DA:188,0
DA:191,0
DA:192,0
DA:193,0
DA:194,0
DA:197,0
DA:201,0
DA:203,0
DA:205,0
DA:207,0
DA:208,0
DA:209,0
DA:210,0
DA:213,0
DA:214,0
DA:217,0
DA:224,0
DA:225,0
DA:226,0
DA:227,0
DA:233,0
DA:234,0
DA:235,0
DA:236,0
DA:239,0
DA:240,0
DA:241,0
DA:245,0
DA:246,0
DA:247,0
DA:248,0
DA:249,0
DA:250,0
DA:253,0
DA:254,0
DA:257,0
DA:260,0
DA:261,0
DA:264,0
DA:266,0
DA:267,0
DA:268,0
DA:269,0
DA:271,0
DA:274,0
DA:275,0
DA:279,0
DA:280,0
DA:281,0
DA:282,0
DA:283,0
DA:287,0
DA:289,0
DA:290,0
DA:291,0
DA:295,0
DA:296,0
DA:297,0
DA:300,0
DA:303,0
DA:310,0
DA:311,0
DA:313,0
DA:315,0
DA:318,0
DA:320,0
DA:322,0
DA:325,0
DA:327,0
DA:329,0
DA:330,0
DA:338,0
DA:339,0
DA:347,0
DA:354,0
DA:355,0
DA:362,0
DA:363,0
DA:369,0
DA:379,0
DA:380,0
DA:381,0
DA:384,0
DA:385,0
DA:386,0
DA:389,0
DA:396,0
DA:397,0
DA:400,0
DA:411,0
DA:434,0
DA:476,0
DA:477,0
DA:478,0
DA:479,0
DA:482,0
DA:486,0
DA:500,0
DA:512,0
DA:514,0
DA:519,0
DA:549,0
DA:552,0
DA:557,0
DA:561,0
DA:562,0
DA:563,0
DA:567,0
DA:607,0
DA:608,0
DA:613,0
DA:648,0
DA:656,0
DA:664,0
DA:672,0
DA:673,0
DA:674,0
DA:705,0
DA:708,0
DA:709,0
DA:710,0
DA:711,0
DA:712,0
DA:713,0
DA:715,0
DA:717,0
DA:774,0
DA:782,0
DA:789,0
DA:801,0
DA:827,0
LF:218
LH:0
BRDA:54,0,0,0
BRDA:54,0,1,0
BRDA:60,1,0,0
BRDA:60,1,1,0
BRDA:61,2,0,0
BRDA:61,2,1,0
BRDA:62,3,0,0
BRDA:62,3,1,0
BRDA:75,4,0,0
BRDA:75,4,1,0
BRDA:76,5,0,0
BRDA:76,5,1,0
BRDA:76,6,0,0
BRDA:76,6,1,0
BRDA:79,7,0,0
BRDA:79,7,1,0
BRDA:84,8,0,0
BRDA:84,8,1,0
BRDA:91,9,0,0
BRDA:91,9,1,0
BRDA:92,10,0,0
BRDA:92,10,1,0
BRDA:114,11,0,0
BRDA:114,11,1,0
BRDA:132,12,0,0
BRDA:132,12,1,0
BRDA:134,13,0,0
BRDA:134,13,1,0
BRDA:135,14,0,0
BRDA:135,14,1,0
BRDA:137,15,0,0
BRDA:137,15,1,0
BRDA:141,16,0,0
BRDA:141,16,1,0
BRDA:177,17,0,0
BRDA:177,17,1,0
BRDA:180,18,0,0
BRDA:180,18,1,0
BRDA:183,19,0,0
BRDA:183,19,1,0
BRDA:185,20,0,0
BRDA:185,20,1,0
BRDA:185,21,0,0
BRDA:185,21,1,0
BRDA:186,22,0,0
BRDA:186,22,1,0
BRDA:187,23,0,0
BRDA:187,23,1,0
BRDA:187,24,0,0
BRDA:187,24,1,0
BRDA:188,25,0,0
BRDA:188,25,1,0
BRDA:188,26,0,0
BRDA:188,26,1,0
BRDA:192,27,0,0
BRDA:192,27,1,0
BRDA:193,28,0,0
BRDA:193,28,1,0
BRDA:193,29,0,0
BRDA:193,29,1,0
BRDA:193,30,0,0
BRDA:193,30,1,0
BRDA:193,31,0,0
BRDA:193,31,1,0
BRDA:194,32,0,0
BRDA:194,32,1,0
BRDA:205,33,0,0
BRDA:205,33,1,0
BRDA:207,34,0,0
BRDA:207,34,1,0
BRDA:208,35,0,0
BRDA:208,35,1,0
BRDA:213,36,0,0
BRDA:213,36,1,0
BRDA:240,37,0,0
BRDA:240,37,1,0
BRDA:240,38,0,0
BRDA:240,38,1,0
BRDA:240,38,2,0
BRDA:240,38,3,0
BRDA:246,39,0,0
BRDA:246,39,1,0
BRDA:247,40,0,0
BRDA:247,40,1,0
BRDA:249,41,0,0
BRDA:249,41,1,0
BRDA:267,42,0,0
BRDA:267,42,1,0
BRDA:281,43,0,0
BRDA:281,43,1,0
BRDA:287,44,0,0
BRDA:287,44,1,0
BRDA:289,45,0,0
BRDA:289,45,1,0
BRDA:289,46,0,0
BRDA:289,46,1,0
BRDA:295,47,0,0
BRDA:295,47,1,0
BRDA:295,48,0,0
BRDA:295,48,1,0
BRDA:304,49,0,0
BRDA:304,49,1,0
BRDA:318,50,0,0
BRDA:318,50,1,0
BRDA:325,51,0,0
BRDA:325,51,1,0
BRDA:329,52,0,0
BRDA:329,52,1,0
BRDA:338,53,0,0
BRDA:338,53,1,0
BRDA:396,54,0,0
BRDA:396,54,1,0
BRDA:397,55,0,0
BRDA:397,55,1,0
BRDA:402,56,0,0
BRDA:402,56,1,0
BRDA:407,57,0,0
BRDA:407,57,1,0
BRDA:427,58,0,0
BRDA:427,58,1,0
BRDA:435,59,0,0
BRDA:435,59,1,0
BRDA:436,60,0,0
BRDA:436,60,1,0
BRDA:437,61,0,0
BRDA:437,61,1,0
BRDA:441,62,0,0
BRDA:441,62,1,0
BRDA:441,63,0,0
BRDA:441,63,1,0
BRDA:446,64,0,0
BRDA:446,64,1,0
BRDA:446,65,0,0
BRDA:446,65,1,0
BRDA:451,66,0,0
BRDA:451,66,1,0
BRDA:451,67,0,0
BRDA:451,67,1,0
BRDA:479,68,0,0
BRDA:479,68,1,0
BRDA:497,69,0,0
BRDA:497,69,1,0
BRDA:519,70,0,0
BRDA:519,70,1,0
BRDA:549,71,0,0
BRDA:549,71,1,0
BRDA:552,72,0,0
BRDA:552,72,1,0
BRDA:557,73,0,0
BRDA:557,73,1,0
BRDA:557,73,2,0
BRDA:562,74,0,0
BRDA:562,74,1,0
BRDA:562,74,2,0
BRDA:563,75,0,0
BRDA:563,75,1,0
BRDA:564,76,0,0
BRDA:564,76,1,0
BRDA:565,77,0,0
BRDA:565,77,1,0
BRDA:582,78,0,0
BRDA:582,78,1,0
BRDA:582,79,0,0
BRDA:582,79,1,0
BRDA:587,80,0,0
BRDA:587,80,1,0
BRDA:607,81,0,0
BRDA:607,81,1,0
BRDA:636,82,0,0
BRDA:636,82,1,0
BRDA:636,82,2,0
BRDA:676,83,0,0
BRDA:676,83,1,0
BRDA:676,83,2,0
BRDA:688,84,0,0
BRDA:688,84,1,0
BRDA:688,85,0,0
BRDA:688,85,1,0
BRDA:705,86,0,0
BRDA:705,86,1,0
BRDA:708,87,0,0
BRDA:708,87,1,0
BRDA:709,88,0,0
BRDA:709,88,1,0
BRDA:710,89,0,0
BRDA:710,89,1,0
BRDA:711,90,0,0
BRDA:711,90,1,0
BRDA:712,91,0,0
BRDA:712,91,1,0
BRDA:713,92,0,0
BRDA:713,92,1,0
BRDA:724,93,0,0
BRDA:724,93,1,0
BRDA:728,94,0,0
BRDA:728,94,1,0
BRDA:739,95,0,0
BRDA:739,95,1,0
BRDA:741,96,0,0
BRDA:741,96,1,0
BRDA:750,97,0,0
BRDA:750,97,1,0
BRDA:751,98,0,0
BRDA:751,98,1,0
BRDA:769,99,0,0
BRDA:769,99,1,0
BRDA:782,100,0,0
BRDA:782,100,1,0
BRDA:788,101,0,0
BRDA:788,101,1,0
BRDA:826,102,0,0
BRDA:826,102,1,0
BRDA:826,103,0,0
BRDA:826,103,1,0
BRF:214
BRH:0
end_of_record
TN:
SF:src/components/product/productGroupList/ListVariantsModal.jsx
FN:4,(anonymous_0)
FN:9,(anonymous_1)
FN:13,(anonymous_2)
FN:17,(anonymous_3)
FN:22,(anonymous_4)
FN:37,(anonymous_5)
FN:38,(anonymous_6)
FN:41,(anonymous_7)
FN:49,(anonymous_8)
FN:63,(anonymous_9)
FN:69,(anonymous_10)
FN:78,(anonymous_11)
FN:80,(anonymous_12)
FN:81,(anonymous_13)
FN:95,(anonymous_14)
FN:106,(anonymous_15)
FN:111,(anonymous_16)
FN:115,(anonymous_17)
FN:137,(anonymous_18)
FN:138,(anonymous_19)
FN:144,(anonymous_20)
FN:146,(anonymous_21)
FN:164,(anonymous_22)
FN:168,(anonymous_23)
FN:173,(anonymous_24)
FN:178,(anonymous_25)
FN:183,(anonymous_26)
FN:185,(anonymous_27)
FN:187,(anonymous_28)
FN:192,(anonymous_29)
FN:193,(anonymous_30)
FN:199,(anonymous_31)
FN:209,(anonymous_32)
FN:213,(anonymous_33)
FN:244,(anonymous_34)
FN:248,(anonymous_35)
FN:262,(anonymous_36)
FN:282,(anonymous_37)
FN:297,(anonymous_38)
FNF:39
FNH:0
FNDA:0,(anonymous_0)
FNDA:0,(anonymous_1)
FNDA:0,(anonymous_2)
FNDA:0,(anonymous_3)
FNDA:0,(anonymous_4)
FNDA:0,(anonymous_5)
FNDA:0,(anonymous_6)
FNDA:0,(anonymous_7)
FNDA:0,(anonymous_8)
FNDA:0,(anonymous_9)
FNDA:0,(anonymous_10)
FNDA:0,(anonymous_11)
FNDA:0,(anonymous_12)
FNDA:0,(anonymous_13)
FNDA:0,(anonymous_14)
FNDA:0,(anonymous_15)
FNDA:0,(anonymous_16)
FNDA:0,(anonymous_17)
FNDA:0,(anonymous_18)
FNDA:0,(anonymous_19)
FNDA:0,(anonymous_20)
FNDA:0,(anonymous_21)
FNDA:0,(anonymous_22)
FNDA:0,(anonymous_23)
FNDA:0,(anonymous_24)
FNDA:0,(anonymous_25)
FNDA:0,(anonymous_26)
FNDA:0,(anonymous_27)
FNDA:0,(anonymous_28)
FNDA:0,(anonymous_29)
FNDA:0,(anonymous_30)
FNDA:0,(anonymous_31)
FNDA:0,(anonymous_32)
FNDA:0,(anonymous_33)
FNDA:0,(anonymous_34)
FNDA:0,(anonymous_35)
FNDA:0,(anonymous_36)
FNDA:0,(anonymous_37)
FNDA:0,(anonymous_38)
DA:4,0
DA:5,0
DA:6,0
DA:7,0
DA:9,0
DA:13,0
DA:14,0
DA:15,0
DA:17,0
DA:18,0
DA:19,0
DA:23,0
DA:29,0
DA:37,0
DA:38,0
DA:40,0
DA:42,0
DA:43,0
DA:45,0
DA:46,0
DA:48,0
DA:49,0
DA:52,0
DA:54,0
DA:63,0
DA:68,0
DA:69,0
DA:70,0
DA:73,0
DA:74,0
DA:77,0
DA:79,0
DA:80,0
DA:81,0
DA:83,0
DA:84,0
DA:86,0
DA:95,0
DA:103,0
DA:104,0
DA:106,0
DA:107,0
DA:110,0
DA:111,0
DA:115,0
DA:116,0
DA:121,0
DA:122,0
DA:125,0
DA:137,0
DA:138,0
DA:139,0
DA:140,0
DA:144,0
DA:145,0
DA:147,0
DA:151,0
DA:153,0
DA:162,0
DA:164,0
DA:165,0
DA:167,0
DA:169,0
DA:171,0
DA:173,0
DA:174,0
DA:175,0
DA:178,0
DA:181,0
DA:183,0
DA:184,0
DA:185,0
DA:186,0
DA:187,0
DA:192,0
DA:193,0
DA:194,0
DA:197,0
DA:198,0
DA:199,0
DA:202,0
DA:209,0
DA:210,0
DA:213,0
DA:214,0
DA:215,0
DA:216,0
DA:221,0
DA:225,0
DA:245,0
DA:249,0
DA:255,0
DA:263,0
DA:283,0
DA:284,0
DA:286,0
DA:297,0
LF:97
LH:0
BRDA:4,0,0,0
BRDA:5,1,0,0
BRDA:5,1,1,0
BRDA:6,2,0,0
BRDA:13,3,0,0
BRDA:14,4,0,0
BRDA:14,4,1,0
BRDA:15,5,0,0
BRDA:15,5,1,0
BRDA:19,6,0,0
BRDA:19,6,1,0
BRDA:23,7,0,0
BRDA:23,7,1,0
BRDA:37,8,0,0
BRDA:37,9,0,0
BRDA:40,10,0,0
BRDA:40,10,1,0
BRDA:43,11,0,0
BRDA:43,11,1,0
BRDA:46,12,0,0
BRDA:46,12,1,0
BRDA:48,13,0,0
BRDA:48,13,1,0
BRDA:52,14,0,0
BRDA:52,14,1,0
BRDA:64,15,0,0
BRDA:65,16,0,0
BRDA:66,17,0,0
BRDA:69,18,0,0
BRDA:69,18,1,0
BRDA:73,19,0,0
BRDA:73,19,1,0
BRDA:84,20,0,0
BRDA:84,20,1,0
BRDA:99,21,0,0
BRDA:107,22,0,0
BRDA:107,22,1,0
BRDA:121,23,0,0
BRDA:121,23,1,0
BRDA:147,24,0,0
BRDA:147,24,1,0
BRDA:151,25,0,0
BRDA:151,25,1,0
BRDA:165,26,0,0
BRDA:165,26,1,0
BRDA:169,27,0,0
BRDA:169,27,1,0
BRDA:181,28,0,0
BRDA:181,28,1,0
BRDA:184,29,0,0
BRDA:184,29,1,0
BRDA:184,30,0,0
BRDA:184,30,1,0
BRDA:186,31,0,0
BRDA:186,31,1,0
BRDA:194,32,0,0
BRDA:194,32,1,0
BRDA:198,33,0,0
BRDA:198,33,1,0
BRDA:231,34,0,0
BRDA:231,34,1,0
BRDA:249,35,0,0
BRDA:249,35,1,0
BRDA:260,36,0,0
BRDA:260,36,1,0
BRDA:274,37,0,0
BRDA:274,37,1,0
BRDA:290,38,0,0
BRDA:290,38,1,0
BRDA:291,39,0,0
BRDA:291,39,1,0
BRDA:296,40,0,0
BRDA:296,40,1,0
BRDA:296,40,2,0
BRDA:303,41,0,0
BRDA:303,41,1,0
BRDA:306,42,0,0
BRDA:306,42,1,0
BRDA:309,43,0,0
BRDA:309,43,1,0
BRDA:332,44,0,0
BRDA:332,44,1,0
BRF:82
BRH:0
end_of_record
TN:
SF:src/components/product/productGroupList/ProductGroupList.jsx
FN:34,(anonymous_0)
FN:48,(anonymous_1)
FN:50,(anonymous_2)
FN:53,(anonymous_3)
FN:67,(anonymous_4)
FN:92,(anonymous_5)
FN:102,(anonymous_6)
FN:106,(anonymous_7)
FN:122,(anonymous_8)
FN:131,(anonymous_9)
FN:135,(anonymous_10)
FN:141,(anonymous_11)
FN:143,(anonymous_12)
FN:151,(anonymous_13)
FN:152,(anonymous_14)
FN:154,(anonymous_15)
FN:157,(anonymous_16)
FN:159,(anonymous_17)
FN:160,(anonymous_18)
FN:163,(anonymous_19)
FN:165,(anonymous_20)
FN:175,(anonymous_21)
FN:176,(anonymous_22)
FN:178,(anonymous_23)
FN:183,(anonymous_24)
FN:188,(anonymous_25)
FN:200,(anonymous_26)
FN:202,(anonymous_27)
FN:223,(anonymous_28)
FN:238,(anonymous_29)
FN:245,(anonymous_30)
FN:255,(anonymous_31)
FN:272,(anonymous_32)
FN:286,(anonymous_33)
FN:287,(anonymous_34)
FN:291,(anonymous_35)
FN:298,(anonymous_36)
FN:300,(anonymous_37)
FN:306,(anonymous_38)
FN:309,(anonymous_39)
FN:313,(anonymous_40)
FN:316,(anonymous_41)
FN:351,(anonymous_42)
FN:356,(anonymous_43)
FN:434,(anonymous_44)
FN:448,(anonymous_45)
FN:458,(anonymous_46)
FN:463,(anonymous_47)
FN:470,(anonymous_48)
FN:483,(anonymous_49)
FN:495,(anonymous_50)
FN:503,(anonymous_51)
FN:544,(anonymous_52)
FN:556,(anonymous_53)
FNF:54
FNH:0
FNDA:0,(anonymous_0)
FNDA:0,(anonymous_1)
FNDA:0,(anonymous_2)
FNDA:0,(anonymous_3)
FNDA:0,(anonymous_4)
FNDA:0,(anonymous_5)
FNDA:0,(anonymous_6)
FNDA:0,(anonymous_7)
FNDA:0,(anonymous_8)
FNDA:0,(anonymous_9)
FNDA:0,(anonymous_10)
FNDA:0,(anonymous_11)
FNDA:0,(anonymous_12)
FNDA:0,(anonymous_13)
FNDA:0,(anonymous_14)
FNDA:0,(anonymous_15)
FNDA:0,(anonymous_16)
FNDA:0,(anonymous_17)
FNDA:0,(anonymous_18)
FNDA:0,(anonymous_19)
FNDA:0,(anonymous_20)
FNDA:0,(anonymous_21)
FNDA:0,(anonymous_22)
FNDA:0,(anonymous_23)
FNDA:0,(anonymous_24)
FNDA:0,(anonymous_25)
FNDA:0,(anonymous_26)
FNDA:0,(anonymous_27)
FNDA:0,(anonymous_28)
FNDA:0,(anonymous_29)
FNDA:0,(anonymous_30)
FNDA:0,(anonymous_31)
FNDA:0,(anonymous_32)
FNDA:0,(anonymous_33)
FNDA:0,(anonymous_34)
FNDA:0,(anonymous_35)
FNDA:0,(anonymous_36)
FNDA:0,(anonymous_37)
FNDA:0,(anonymous_38)
FNDA:0,(anonymous_39)
FNDA:0,(anonymous_40)
FNDA:0,(anonymous_41)
FNDA:0,(anonymous_42)
FNDA:0,(anonymous_43)
FNDA:0,(anonymous_44)
FNDA:0,(anonymous_45)
FNDA:0,(anonymous_46)
FNDA:0,(anonymous_47)
FNDA:0,(anonymous_48)
FNDA:0,(anonymous_49)
FNDA:0,(anonymous_50)
FNDA:0,(anonymous_51)
FNDA:0,(anonymous_52)
FNDA:0,(anonymous_53)
DA:34,0
DA:35,0
DA:36,0
DA:37,0
DA:39,0
DA:40,0
DA:41,0
DA:44,0
DA:46,0
DA:47,0
DA:48,0
DA:49,0
DA:50,0
DA:51,0
DA:53,0
DA:55,0
DA:58,0
DA:61,0
DA:66,0
DA:67,0
DA:80,0
DA:90,0
DA:92,0
DA:93,0
DA:94,0
DA:97,0
DA:98,0
DA:99,0
DA:100,0
DA:102,0
DA:103,0
DA:104,0
DA:106,0
DA:107,0
DA:108,0
DA:109,0
DA:110,0
DA:112,0
DA:115,0
DA:122,0
DA:123,0
DA:124,0
DA:125,0
DA:127,0
DA:131,0
DA:132,0
DA:135,0
DA:136,0
DA:141,0
DA:142,0
DA:143,0
DA:144,0
DA:145,0
DA:147,0
DA:151,0
DA:152,0
DA:153,0
DA:154,0
DA:157,0
DA:158,0
DA:159,0
DA:160,0
DA:163,0
DA:164,0
DA:165,0
DA:166,0
DA:167,0
DA:170,0
DA:175,0
DA:176,0
DA:177,0
DA:178,0
DA:183,0
DA:184,0
DA:188,0
DA:189,0
DA:190,0
DA:192,0
DA:194,0
DA:201,0
DA:202,0
DA:203,0
DA:204,0
DA:205,0
DA:207,0
DA:210,0
DA:211,0
DA:223,0
DA:224,0
DA:225,0
DA:226,0
DA:227,0
DA:228,0
DA:229,0
DA:230,0
DA:231,0
DA:232,0
DA:235,0
DA:238,0
DA:239,0
DA:245,0
DA:255,0
DA:256,0
DA:259,0
DA:261,0
DA:262,0
DA:263,0
DA:267,0
DA:268,0
DA:269,0
DA:272,0
DA:273,0
DA:278,0
DA:285,0
DA:286,0
DA:287,0
DA:289,0
DA:292,0
DA:299,0
DA:300,0
DA:302,0
DA:304,0
DA:307,0
DA:309,0
DA:311,0
DA:314,0
DA:316,0
DA:318,0
DA:319,0
DA:324,0
DA:325,0
DA:330,0
DA:337,0
DA:338,0
DA:345,0
DA:351,0
DA:357,0
DA:358,0
DA:359,0
DA:360,0
DA:361,0
DA:362,0
DA:444,0
DA:446,0
DA:447,0
DA:448,0
DA:450,0
DA:451,0
DA:452,0
DA:458,0
DA:464,0
DA:471,0
DA:484,0
DA:496,0
DA:504,0
DA:544,0
DA:556,0
LF:157
LH:0
BRDA:44,0,0,0
BRDA:44,0,1,0
BRDA:49,1,0,0
BRDA:49,1,1,0
BRDA:56,2,0,0
BRDA:56,2,1,0
BRDA:59,3,0,0
BRDA:59,3,1,0
BRDA:62,4,0,0
BRDA:62,4,1,0
BRDA:90,5,0,0
BRDA:90,5,1,0
BRDA:104,6,0,0
BRDA:104,6,1,0
BRDA:107,7,0,0
BRDA:107,7,1,0
BRDA:109,8,0,0
BRDA:109,8,1,0
BRDA:123,9,0,0
BRDA:123,9,1,0
BRDA:144,10,0,0
BRDA:144,10,1,0
BRDA:153,11,0,0
BRDA:153,11,1,0
BRDA:158,12,0,0
BRDA:158,12,1,0
BRDA:166,13,0,0
BRDA:166,13,1,0
BRDA:177,14,0,0
BRDA:177,14,1,0
BRDA:189,15,0,0
BRDA:189,15,1,0
BRDA:211,16,0,0
BRDA:211,16,1,0
BRDA:225,17,0,0
BRDA:225,17,1,0
BRDA:226,18,0,0
BRDA:226,18,1,0
BRDA:228,19,0,0
BRDA:228,19,1,0
BRDA:230,20,0,0
BRDA:230,20,1,0
BRDA:256,21,0,0
BRDA:256,21,1,0
BRDA:259,22,0,0
BRDA:259,22,1,0
BRDA:261,23,0,0
BRDA:261,23,1,0
BRDA:261,24,0,0
BRDA:261,24,1,0
BRDA:267,25,0,0
BRDA:267,25,1,0
BRDA:267,26,0,0
BRDA:267,26,1,0
BRDA:293,27,0,0
BRDA:293,27,1,0
BRDA:307,28,0,0
BRDA:307,28,1,0
BRDA:314,29,0,0
BRDA:314,29,1,0
BRDA:318,30,0,0
BRDA:318,30,1,0
BRDA:324,31,0,0
BRDA:324,31,1,0
BRDA:357,32,0,0
BRDA:357,32,1,0
BRDA:359,33,0,0
BRDA:359,33,1,0
BRDA:361,34,0,0
BRDA:361,34,1,0
BRDA:365,35,0,0
BRDA:365,35,1,0
BRDA:366,36,0,0
BRDA:366,36,1,0
BRDA:368,37,0,0
BRDA:368,37,1,0
BRDA:371,38,0,0
BRDA:371,38,1,0
BRDA:375,39,0,0
BRDA:375,39,1,0
BRDA:402,40,0,0
BRDA:402,40,1,0
BRDA:402,41,0,0
BRDA:402,41,1,0
BRDA:446,42,0,0
BRDA:446,42,1,0
BRDA:475,43,0,0
BRDA:475,43,1,0
BRDA:499,44,0,0
BRDA:499,44,1,0
BRDA:517,45,0,0
BRDA:517,45,1,0
BRDA:522,46,0,0
BRDA:522,46,1,0
BRDA:538,47,0,0
BRDA:538,47,1,0
BRDA:538,48,0,0
BRDA:538,48,1,0
BRDA:551,49,0,0
BRDA:551,49,1,0
BRDA:551,50,0,0
BRDA:551,50,1,0
BRDA:579,51,0,0
BRDA:579,51,1,0
BRF:104
BRH:0
end_of_record
TN:
SF:src/components/product/productList/ProductList.js
FN:44,(anonymous_0)
FN:84,(anonymous_1)
FN:109,(anonymous_2)
FN:110,(anonymous_3)
FN:118,(anonymous_4)
FN:150,(anonymous_5)
FN:151,(anonymous_6)
FN:172,(anonymous_7)
FN:174,(anonymous_8)
FN:193,(anonymous_9)
FN:197,(anonymous_10)
FN:213,(anonymous_11)
FN:221,(anonymous_12)
FN:222,(anonymous_13)
FN:233,(anonymous_14)
FN:235,(anonymous_15)
FN:251,(anonymous_16)
FN:255,(anonymous_17)
FN:260,(anonymous_18)
FN:267,(anonymous_19)
FN:277,(anonymous_20)
FN:284,(anonymous_21)
FN:305,(anonymous_22)
FN:317,(anonymous_23)
FN:328,(anonymous_24)
FN:341,(anonymous_25)
FN:346,(anonymous_26)
FN:352,(anonymous_27)
FN:354,(anonymous_28)
FN:358,(anonymous_29)
FN:359,(anonymous_30)
FN:361,(anonymous_31)
FN:366,(anonymous_32)
FN:369,(anonymous_33)
FN:370,(anonymous_34)
FN:370,(anonymous_35)
FN:373,(anonymous_36)
FN:374,(anonymous_37)
FN:376,(anonymous_38)
FN:386,(anonymous_39)
FN:391,(anonymous_40)
FN:400,(anonymous_41)
FN:401,(anonymous_42)
FN:420,(anonymous_43)
FN:433,(anonymous_44)
FN:436,(anonymous_45)
FN:449,(anonymous_46)
FN:463,(anonymous_47)
FN:469,(anonymous_48)
FN:557,(anonymous_49)
FN:609,(anonymous_50)
FN:673,(anonymous_51)
FN:707,(anonymous_52)
FN:714,(anonymous_53)
FN:771,(anonymous_54)
FN:798,(anonymous_55)
FN:850,(anonymous_56)
FN:887,(anonymous_57)
FNF:58
FNH:0
FNDA:0,(anonymous_0)
FNDA:0,(anonymous_1)
FNDA:0,(anonymous_2)
FNDA:0,(anonymous_3)
FNDA:0,(anonymous_4)
FNDA:0,(anonymous_5)
FNDA:0,(anonymous_6)
FNDA:0,(anonymous_7)
FNDA:0,(anonymous_8)
FNDA:0,(anonymous_9)
FNDA:0,(anonymous_10)
FNDA:0,(anonymous_11)
FNDA:0,(anonymous_12)
FNDA:0,(anonymous_13)
FNDA:0,(anonymous_14)
FNDA:0,(anonymous_15)
FNDA:0,(anonymous_16)
FNDA:0,(anonymous_17)
FNDA:0,(anonymous_18)
FNDA:0,(anonymous_19)
FNDA:0,(anonymous_20)
FNDA:0,(anonymous_21)
FNDA:0,(anonymous_22)
FNDA:0,(anonymous_23)
FNDA:0,(anonymous_24)
FNDA:0,(anonymous_25)
FNDA:0,(anonymous_26)
FNDA:0,(anonymous_27)
FNDA:0,(anonymous_28)
FNDA:0,(anonymous_29)
FNDA:0,(anonymous_30)
FNDA:0,(anonymous_31)
FNDA:0,(anonymous_32)
FNDA:0,(anonymous_33)
FNDA:0,(anonymous_34)
FNDA:0,(anonymous_35)
FNDA:0,(anonymous_36)
FNDA:0,(anonymous_37)
FNDA:0,(anonymous_38)
FNDA:0,(anonymous_39)
FNDA:0,(anonymous_40)
FNDA:0,(anonymous_41)
FNDA:0,(anonymous_42)
FNDA:0,(anonymous_43)
FNDA:0,(anonymous_44)
FNDA:0,(anonymous_45)
FNDA:0,(anonymous_46)
FNDA:0,(anonymous_47)
FNDA:0,(anonymous_48)
FNDA:0,(anonymous_49)
FNDA:0,(anonymous_50)
FNDA:0,(anonymous_51)
FNDA:0,(anonymous_52)
FNDA:0,(anonymous_53)
FNDA:0,(anonymous_54)
FNDA:0,(anonymous_55)
FNDA:0,(anonymous_56)
FNDA:0,(anonymous_57)
DA:44,0
DA:45,0
DA:46,0
DA:48,0
DA:49,0
DA:50,0
DA:51,0
DA:52,0
DA:53,0
DA:56,0
DA:57,0
DA:60,0
DA:61,0
DA:62,0
DA:63,0
DA:66,0
DA:71,0
DA:76,0
DA:83,0
DA:84,0
DA:93,0
DA:94,0
DA:95,0
DA:96,0
DA:97,0
DA:98,0
DA:99,0
DA:102,0
DA:109,0
DA:110,0
DA:111,0
DA:112,0
DA:114,0
DA:118,0
DA:119,0
DA:122,0
DA:125,0
DA:127,0
DA:128,0
DA:133,0
DA:141,0
DA:144,0
DA:150,0
DA:151,0
DA:152,0
DA:153,0
DA:161,0
DA:162,0
DA:165,0
DA:166,0
DA:167,0
DA:172,0
DA:173,0
DA:174,0
DA:175,0
DA:183,0
DA:184,0
DA:186,0
DA:189,0
DA:193,0
DA:194,0
DA:197,0
DA:199,0
DA:200,0
DA:201,0
DA:203,0
DA:204,0
DA:205,0
DA:206,0
DA:207,0
DA:209,0
DA:210,0
DA:213,0
DA:214,0
DA:215,0
DA:216,0
DA:218,0
DA:221,0
DA:222,0
DA:223,0
DA:229,0
DA:230,0
DA:233,0
DA:234,0
DA:235,0
DA:236,0
DA:238,0
DA:239,0
DA:240,0
DA:241,0
DA:242,0
DA:243,0
DA:244,0
DA:245,0
DA:246,0
DA:247,0
DA:248,0
DA:249,0
DA:251,0
DA:255,0
DA:257,0
DA:260,0
DA:261,0
DA:267,0
DA:277,0
DA:278,0
DA:279,0
DA:284,0
DA:285,0
DA:286,0
DA:287,0
DA:288,0
DA:289,0
DA:290,0
DA:291,0
DA:292,0
DA:293,0
DA:294,0
DA:295,0
DA:298,0
DA:302,0
DA:303,0
DA:305,0
DA:306,0
DA:307,0
DA:308,0
DA:309,0
DA:310,0
DA:311,0
DA:312,0
DA:313,0
DA:317,0
DA:318,0
DA:320,0
DA:321,0
DA:322,0
DA:323,0
DA:324,0
DA:328,0
DA:329,0
DA:335,0
DA:341,0
DA:342,0
DA:343,0
DA:346,0
DA:347,0
DA:348,0
DA:352,0
DA:353,0
DA:354,0
DA:358,0
DA:359,0
DA:360,0
DA:361,0
DA:366,0
DA:367,0
DA:369,0
DA:370,0
DA:373,0
DA:374,0
DA:375,0
DA:376,0
DA:377,0
DA:378,0
DA:381,0
DA:386,0
DA:387,0
DA:391,0
DA:392,0
DA:394,0
DA:401,0
DA:402,0
DA:406,0
DA:407,0
DA:408,0
DA:420,0
DA:421,0
DA:423,0
DA:426,0
DA:428,0
DA:432,0
DA:433,0
DA:436,0
DA:437,0
DA:438,0
DA:441,0
DA:442,0
DA:445,0
DA:449,0
DA:450,0
DA:453,0
DA:454,0
DA:455,0
DA:456,0
DA:457,0
DA:461,0
DA:463,0
DA:464,0
DA:465,0
DA:466,0
DA:469,0
DA:470,0
DA:471,0
DA:472,0
DA:473,0
DA:477,0
DA:485,0
DA:557,0
DA:609,0
DA:688,0
DA:689,0
DA:690,0
DA:692,0
DA:698,0
DA:699,0
DA:700,0
DA:707,0
DA:715,0
DA:771,0
DA:798,0
DA:850,0
DA:887,0
LF:222
LH:0
BRDA:60,0,0,0
BRDA:60,0,1,0
BRDA:64,1,0,0
BRDA:64,1,1,0
BRDA:67,2,0,0
BRDA:67,2,1,0
BRDA:72,3,0,0
BRDA:72,3,1,0
BRDA:77,4,0,0
BRDA:77,4,1,0
BRDA:96,5,0,0
BRDA:96,5,1,0
BRDA:111,6,0,0
BRDA:111,6,1,0
BRDA:119,7,0,0
BRDA:119,7,1,0
BRDA:128,8,0,0
BRDA:128,8,1,0
BRDA:130,9,0,0
BRDA:130,9,1,0
BRDA:133,10,0,0
BRDA:133,10,1,0
BRDA:138,11,0,0
BRDA:138,11,1,0
BRDA:141,12,0,0
BRDA:141,12,1,0
BRDA:144,13,0,0
BRDA:144,13,1,0
BRDA:152,14,0,0
BRDA:152,14,1,0
BRDA:152,15,0,0
BRDA:152,15,1,0
BRDA:173,16,0,0
BRDA:173,16,1,0
BRDA:199,17,0,0
BRDA:199,17,1,0
BRDA:203,18,0,0
BRDA:203,18,1,0
BRDA:205,19,0,0
BRDA:205,19,1,0
BRDA:214,20,0,0
BRDA:214,20,1,0
BRDA:234,21,0,0
BRDA:234,21,1,0
BRDA:239,22,0,0
BRDA:239,22,1,0
BRDA:240,23,0,0
BRDA:240,23,1,0
BRDA:242,24,0,0
BRDA:242,24,1,0
BRDA:244,25,0,0
BRDA:244,25,1,0
BRDA:246,26,0,0
BRDA:246,26,1,0
BRDA:278,27,0,0
BRDA:278,27,1,0
BRDA:278,28,0,0
BRDA:278,28,1,0
BRDA:286,29,0,0
BRDA:286,29,1,0
BRDA:287,30,0,0
BRDA:287,30,1,0
BRDA:289,31,0,0
BRDA:289,31,1,0
BRDA:291,32,0,0
BRDA:291,32,1,0
BRDA:293,33,0,0
BRDA:293,33,1,0
BRDA:302,34,0,0
BRDA:302,34,1,0
BRDA:303,35,0,0
BRDA:303,35,1,0
BRDA:306,36,0,0
BRDA:306,36,1,0
BRDA:308,37,0,0
BRDA:308,37,1,0
BRDA:310,38,0,0
BRDA:310,38,1,0
BRDA:312,39,0,0
BRDA:312,39,1,0
BRDA:320,40,0,0
BRDA:320,40,1,0
BRDA:322,41,0,0
BRDA:322,41,1,0
BRDA:336,42,0,0
BRDA:336,42,1,0
BRDA:353,43,0,0
BRDA:353,43,1,0
BRDA:360,44,0,0
BRDA:360,44,1,0
BRDA:367,45,0,0
BRDA:367,45,1,0
BRDA:377,46,0,0
BRDA:377,46,1,0
BRDA:392,47,0,0
BRDA:392,47,1,0
BRDA:421,48,0,0
BRDA:421,48,1,0
BRDA:426,49,0,0
BRDA:426,49,1,0
BRDA:428,50,0,0
BRDA:428,50,1,0
BRDA:432,51,0,0
BRDA:432,51,1,0
BRDA:441,52,0,0
BRDA:441,52,1,0
BRDA:470,53,0,0
BRDA:470,53,1,0
BRDA:473,54,0,0
BRDA:473,54,1,0
BRDA:474,55,0,0
BRDA:474,55,1,0
BRDA:569,56,0,0
BRDA:569,56,1,0
BRDA:593,57,0,0
BRDA:593,57,1,0
BRDA:621,58,0,0
BRDA:621,58,1,0
BRDA:637,59,0,0
BRDA:637,59,1,0
BRDA:643,60,0,0
BRDA:643,60,1,0
BRDA:643,61,0,0
BRDA:643,61,1,0
BRDA:692,62,0,0
BRDA:692,62,1,0
BRDA:692,63,0,0
BRDA:692,63,1,0
BRDA:698,64,0,0
BRDA:698,64,1,0
BRDA:712,65,0,0
BRDA:712,65,1,0
BRDA:740,66,0,0
BRDA:740,66,1,0
BRDA:749,67,0,0
BRDA:749,67,1,0
BRDA:770,68,0,0
BRDA:770,68,1,0
BRDA:773,69,0,0
BRDA:773,69,1,0
BRDA:790,70,0,0
BRDA:790,70,1,0
BRDA:790,71,0,0
BRDA:790,71,1,0
BRDA:792,72,0,0
BRDA:792,72,1,0
BRDA:792,73,0,0
BRDA:792,73,1,0
BRDA:807,74,0,0
BRDA:807,74,1,0
BRDA:819,75,0,0
BRDA:819,75,1,0
BRDA:819,75,2,0
BRDA:842,76,0,0
BRDA:842,76,1,0
BRDA:854,77,0,0
BRDA:854,77,1,0
BRDA:879,78,0,0
BRDA:879,78,1,0
BRDA:885,79,0,0
BRDA:885,79,1,0
BRDA:905,80,0,0
BRDA:905,80,1,0
BRDA:905,80,2,0
BRDA:905,80,3,0
BRDA:911,81,0,0
BRDA:911,81,1,0
BRDA:930,82,0,0
BRDA:930,82,1,0
BRF:169
BRH:0
end_of_record
TN:
SF:src/components/product/salesList/ReturnFunction.jsx
FN:9,ReturnFunction
FN:20,(anonymous_1)
FN:21,(anonymous_2)
FN:23,(anonymous_3)
FN:28,(anonymous_4)
FN:32,(anonymous_5)
FN:47,(anonymous_6)
FN:71,(anonymous_7)
FN:89,(anonymous_8)
FN:95,(anonymous_9)
FNF:10
FNH:0
FNDA:0,ReturnFunction
FNDA:0,(anonymous_1)
FNDA:0,(anonymous_2)
FNDA:0,(anonymous_3)
FNDA:0,(anonymous_4)
FNDA:0,(anonymous_5)
FNDA:0,(anonymous_6)
FNDA:0,(anonymous_7)
FNDA:0,(anonymous_8)
FNDA:0,(anonymous_9)
DA:15,0
DA:16,0
DA:18,0
DA:20,0
DA:21,0
DA:22,0
DA:23,0
DA:28,0
DA:29,0
DA:32,0
DA:33,0
DA:35,0
DA:39,0
DA:40,0
DA:41,0
DA:43,0
DA:47,0
DA:48,0
DA:51,0
DA:52,0
DA:57,0
DA:58,0
DA:59,0
DA:61,0
DA:65,0
DA:66,0
DA:69,0
DA:71,0
DA:90,0
DA:95,0
LF:30
LH:0
BRDA:22,0,0,0
BRDA:22,0,1,0
BRDA:29,1,0,0
BRDA:29,1,1,0
BRDA:40,2,0,0
BRDA:40,2,1,0
BRDA:48,3,0,0
BRDA:48,3,1,0
BRDA:58,4,0,0
BRDA:58,4,1,0
BRDA:65,5,0,0
BRDA:65,5,1,0
BRDA:89,6,0,0
BRDA:89,6,1,0
BRDA:101,7,0,0
BRDA:101,7,1,0
BRDA:101,8,0,0
BRDA:101,8,1,0
BRDA:107,9,0,0
BRDA:107,9,1,0
BRDA:107,10,0,0
BRDA:107,10,1,0
BRF:22
BRH:0
end_of_record
TN:
SF:src/components/product/salesList/Sales.js
FN:49,(anonymous_0)
FN:68,(anonymous_1)
FN:93,(anonymous_2)
FN:114,(anonymous_3)
FN:130,(anonymous_4)
FN:146,(anonymous_5)
FN:162,(anonymous_6)
FN:177,(anonymous_7)
FN:184,(anonymous_8)
FN:237,(anonymous_9)
FN:239,(anonymous_10)
FN:244,(anonymous_11)
FN:266,(anonymous_12)
FN:275,(anonymous_13)
FN:293,(anonymous_14)
FN:295,(anonymous_15)
FN:307,(anonymous_16)
FN:318,(anonymous_17)
FN:336,(anonymous_18)
FN:341,(anonymous_19)
FN:346,(anonymous_20)
FN:348,(anonymous_21)
FN:409,(anonymous_22)
FN:414,(anonymous_23)
FN:419,(anonymous_24)
FN:421,(anonymous_25)
FN:438,(anonymous_26)
FN:457,(anonymous_27)
FN:462,(anonymous_28)
FN:466,handleShowBody
FN:467,(anonymous_30)
FN:475,(anonymous_31)
FN:498,(anonymous_32)
FN:507,(anonymous_33)
FN:512,(anonymous_34)
FN:519,(anonymous_35)
FN:526,(anonymous_36)
FN:528,(anonymous_37)
FN:534,(anonymous_38)
FN:552,(anonymous_39)
FN:553,(anonymous_40)
FN:565,(anonymous_41)
FN:568,(anonymous_42)
FN:618,(anonymous_43)
FN:645,(anonymous_44)
FN:646,(anonymous_45)
FN:678,(anonymous_46)
FN:679,(anonymous_47)
FN:682,(anonymous_48)
FN:690,(anonymous_49)
FN:693,(anonymous_50)
FN:698,(anonymous_51)
FN:699,(anonymous_52)
FN:725,(anonymous_53)
FN:737,(anonymous_54)
FN:742,(anonymous_55)
FN:762,(anonymous_56)
FN:771,(anonymous_57)
FN:828,(anonymous_58)
FN:845,(anonymous_59)
FN:853,(anonymous_60)
FN:856,(anonymous_61)
FN:859,(anonymous_62)
FN:874,(anonymous_63)
FN:883,(anonymous_64)
FN:901,(anonymous_65)
FN:918,(anonymous_66)
FN:935,(anonymous_67)
FN:955,(anonymous_68)
FN:990,(anonymous_69)
FN:998,(anonymous_70)
FN:1002,(anonymous_71)
FN:1015,(anonymous_72)
FN:1025,(anonymous_73)
FN:1137,(anonymous_74)
FN:1205,(anonymous_75)
FN:1222,(anonymous_76)
FN:1279,(anonymous_77)
FN:1294,(anonymous_78)
FN:1306,(anonymous_79)
FN:1321,(anonymous_80)
FN:1344,(anonymous_81)
FN:1354,(anonymous_82)
FN:1361,(anonymous_83)
FN:1365,(anonymous_84)
FN:1375,(anonymous_85)
FN:1384,(anonymous_86)
FN:1410,(anonymous_87)
FN:1480,(anonymous_88)
FNF:89
FNH:0
FNDA:0,(anonymous_0)
FNDA:0,(anonymous_1)
FNDA:0,(anonymous_2)
FNDA:0,(anonymous_3)
FNDA:0,(anonymous_4)
FNDA:0,(anonymous_5)
FNDA:0,(anonymous_6)
FNDA:0,(anonymous_7)
FNDA:0,(anonymous_8)
FNDA:0,(anonymous_9)
FNDA:0,(anonymous_10)
FNDA:0,(anonymous_11)
FNDA:0,(anonymous_12)
FNDA:0,(anonymous_13)
FNDA:0,(anonymous_14)
FNDA:0,(anonymous_15)
FNDA:0,(anonymous_16)
FNDA:0,(anonymous_17)
FNDA:0,(anonymous_18)
FNDA:0,(anonymous_19)
FNDA:0,(anonymous_20)
FNDA:0,(anonymous_21)
FNDA:0,(anonymous_22)
FNDA:0,(anonymous_23)
FNDA:0,(anonymous_24)
FNDA:0,(anonymous_25)
FNDA:0,(anonymous_26)
FNDA:0,(anonymous_27)
FNDA:0,(anonymous_28)
FNDA:0,handleShowBody
FNDA:0,(anonymous_30)
FNDA:0,(anonymous_31)
FNDA:0,(anonymous_32)
FNDA:0,(anonymous_33)
FNDA:0,(anonymous_34)
FNDA:0,(anonymous_35)
FNDA:0,(anonymous_36)
FNDA:0,(anonymous_37)
FNDA:0,(anonymous_38)
FNDA:0,(anonymous_39)
FNDA:0,(anonymous_40)
FNDA:0,(anonymous_41)
FNDA:0,(anonymous_42)
FNDA:0,(anonymous_43)
FNDA:0,(anonymous_44)
FNDA:0,(anonymous_45)
FNDA:0,(anonymous_46)
FNDA:0,(anonymous_47)
FNDA:0,(anonymous_48)
FNDA:0,(anonymous_49)
FNDA:0,(anonymous_50)
FNDA:0,(anonymous_51)
FNDA:0,(anonymous_52)
FNDA:0,(anonymous_53)
FNDA:0,(anonymous_54)
FNDA:0,(anonymous_55)
FNDA:0,(anonymous_56)
FNDA:0,(anonymous_57)
FNDA:0,(anonymous_58)
FNDA:0,(anonymous_59)
FNDA:0,(anonymous_60)
FNDA:0,(anonymous_61)
FNDA:0,(anonymous_62)
FNDA:0,(anonymous_63)
FNDA:0,(anonymous_64)
FNDA:0,(anonymous_65)
FNDA:0,(anonymous_66)
FNDA:0,(anonymous_67)
FNDA:0,(anonymous_68)
FNDA:0,(anonymous_69)
FNDA:0,(anonymous_70)
FNDA:0,(anonymous_71)
FNDA:0,(anonymous_72)
FNDA:0,(anonymous_73)
FNDA:0,(anonymous_74)
FNDA:0,(anonymous_75)
FNDA:0,(anonymous_76)
FNDA:0,(anonymous_77)
FNDA:0,(anonymous_78)
FNDA:0,(anonymous_79)
FNDA:0,(anonymous_80)
FNDA:0,(anonymous_81)
FNDA:0,(anonymous_82)
FNDA:0,(anonymous_83)
FNDA:0,(anonymous_84)
FNDA:0,(anonymous_85)
FNDA:0,(anonymous_86)
FNDA:0,(anonymous_87)
FNDA:0,(anonymous_88)
DA:49,0
DA:50,0
DA:68,0
DA:69,0
DA:93,0
DA:94,0
DA:114,0
DA:115,0
DA:130,0
DA:131,0
DA:146,0
DA:147,0
DA:162,0
DA:163,0
DA:177,0
DA:178,0
DA:179,0
DA:180,0
DA:184,0
DA:185,0
DA:186,0
DA:187,0
DA:188,0
DA:189,0
DA:190,0
DA:197,0
DA:198,0
DA:201,0
DA:204,0
DA:207,0
DA:208,0
DA:209,0
DA:210,0
DA:213,0
DA:218,0
DA:223,0
DA:228,0
DA:229,0
DA:230,0
DA:234,0
DA:235,0
DA:236,0
DA:237,0
DA:238,0
DA:239,0
DA:244,0
DA:245,0
DA:265,0
DA:266,0
DA:275,0
DA:276,0
DA:293,0
DA:294,0
DA:295,0
DA:296,0
DA:297,0
DA:298,0
DA:299,0
DA:300,0
DA:302,0
DA:304,0
DA:307,0
DA:310,0
DA:319,0
DA:323,0
DA:324,0
DA:327,0
DA:330,0
DA:331,0
DA:335,0
DA:336,0
DA:340,0
DA:341,0
DA:345,0
DA:347,0
DA:348,0
DA:349,0
DA:350,0
DA:356,0
DA:359,0
DA:370,0
DA:371,0
DA:386,0
DA:394,0
DA:409,0
DA:410,0
DA:411,0
DA:414,0
DA:415,0
DA:419,0
DA:420,0
DA:421,0
DA:422,0
DA:424,0
DA:425,0
DA:426,0
DA:427,0
DA:428,0
DA:429,0
DA:430,0
DA:431,0
DA:432,0
DA:433,0
DA:434,0
DA:435,0
DA:436,0
DA:438,0
DA:448,0
DA:449,0
DA:450,0
DA:452,0
DA:453,0
DA:454,0
DA:455,0
DA:456,0
DA:457,0
DA:458,0
DA:460,0
DA:462,0
DA:463,0
DA:467,0
DA:468,0
DA:469,0
DA:470,0
DA:475,0
DA:476,0
DA:477,0
DA:478,0
DA:479,0
DA:480,0
DA:481,0
DA:482,0
DA:483,0
DA:484,0
DA:485,0
DA:486,0
DA:487,0
DA:488,0
DA:498,0
DA:499,0
DA:500,0
DA:501,0
DA:503,0
DA:507,0
DA:508,0
DA:512,0
DA:513,0
DA:514,0
DA:519,0
DA:520,0
DA:521,0
DA:524,0
DA:526,0
DA:528,0
DA:529,0
DA:530,0
DA:531,0
DA:534,0
DA:535,0
DA:540,0
DA:541,0
DA:542,0
DA:543,0
DA:544,0
DA:546,0
DA:547,0
DA:552,0
DA:553,0
DA:554,0
DA:555,0
DA:556,0
DA:557,0
DA:559,0
DA:560,0
DA:565,0
DA:566,0
DA:568,0
DA:569,0
DA:571,0
DA:572,0
DA:574,0
DA:579,0
DA:583,0
DA:590,0
DA:593,0
DA:594,0
DA:598,0
DA:618,0
DA:645,0
DA:646,0
DA:647,0
DA:652,0
DA:653,0
DA:654,0
DA:657,0
DA:658,0
DA:659,0
DA:666,0
DA:667,0
DA:669,0
DA:670,0
DA:673,0
DA:678,0
DA:679,0
DA:682,0
DA:683,0
DA:684,0
DA:686,0
DA:690,0
DA:691,0
DA:692,0
DA:693,0
DA:694,0
DA:698,0
DA:699,0
DA:700,0
DA:703,0
DA:706,0
DA:709,0
DA:711,0
DA:718,0
DA:722,0
DA:725,0
DA:726,0
DA:730,0
DA:737,0
DA:743,0
DA:744,0
DA:745,0
DA:746,0
DA:747,0
DA:748,0
DA:749,0
DA:750,0
DA:764,0
DA:765,0
DA:766,0
DA:773,0
DA:774,0
DA:838,0
DA:839,0
DA:840,0
DA:841,0
DA:844,0
DA:845,0
DA:848,0
DA:853,0
DA:856,0
DA:859,0
DA:874,0
DA:883,0
DA:902,0
DA:906,0
DA:919,0
DA:923,0
DA:936,0
DA:940,0
DA:956,0
DA:991,0
DA:998,0
DA:1003,0
DA:1016,0
DA:1026,0
DA:1027,0
DA:1138,0
DA:1215,0
DA:1216,0
DA:1217,0
DA:1218,0
DA:1221,0
DA:1222,0
DA:1225,0
DA:1279,0
DA:1295,0
DA:1307,0
DA:1322,0
DA:1344,0
DA:1355,0
DA:1361,0
DA:1366,0
DA:1376,0
DA:1385,0
DA:1386,0
DA:1410,0
DA:1481,0
LF:285
LH:0
BRDA:199,0,0,0
BRDA:199,0,1,0
BRDA:202,1,0,0
BRDA:202,1,1,0
BRDA:205,2,0,0
BRDA:205,2,1,0
BRDA:207,3,0,0
BRDA:207,3,1,0
BRDA:211,4,0,0
BRDA:211,4,1,0
BRDA:214,5,0,0
BRDA:214,5,1,0
BRDA:219,6,0,0
BRDA:219,6,1,0
BRDA:224,7,0,0
BRDA:224,7,1,0
BRDA:236,8,0,0
BRDA:236,8,1,0
BRDA:239,9,0,0
BRDA:239,9,1,0
BRDA:239,10,0,0
BRDA:239,10,1,0
BRDA:246,11,0,0
BRDA:246,11,1,0
BRDA:246,11,2,0
BRDA:246,11,3,0
BRDA:246,11,4,0
BRDA:246,11,5,0
BRDA:246,11,6,0
BRDA:277,12,0,0
BRDA:277,12,1,0
BRDA:277,12,2,0
BRDA:277,12,3,0
BRDA:277,12,4,0
BRDA:294,13,0,0
BRDA:294,13,1,0
BRDA:296,14,0,0
BRDA:296,14,1,0
BRDA:298,15,0,0
BRDA:298,15,1,0
BRDA:299,16,0,0
BRDA:299,16,1,0
BRDA:310,17,0,0
BRDA:310,17,1,0
BRDA:310,17,2,0
BRDA:310,17,3,0
BRDA:310,17,4,0
BRDA:324,18,0,0
BRDA:324,18,1,0
BRDA:327,19,0,0
BRDA:327,19,1,0
BRDA:330,20,0,0
BRDA:330,20,1,0
BRDA:331,21,0,0
BRDA:331,21,1,0
BRDA:335,22,0,0
BRDA:335,22,1,0
BRDA:340,23,0,0
BRDA:340,23,1,0
BRDA:345,24,0,0
BRDA:345,24,1,0
BRDA:347,25,0,0
BRDA:347,25,1,0
BRDA:350,26,0,0
BRDA:350,26,1,0
BRDA:350,27,0,0
BRDA:350,27,1,0
BRDA:356,28,0,0
BRDA:356,28,1,0
BRDA:357,29,0,0
BRDA:357,29,1,0
BRDA:360,30,0,0
BRDA:360,30,1,0
BRDA:360,30,2,0
BRDA:360,30,3,0
BRDA:360,30,4,0
BRDA:360,30,5,0
BRDA:360,30,6,0
BRDA:370,31,0,0
BRDA:370,31,1,0
BRDA:370,32,0,0
BRDA:370,32,1,0
BRDA:376,33,0,0
BRDA:376,33,1,0
BRDA:377,34,0,0
BRDA:377,34,1,0
BRDA:380,35,0,0
BRDA:380,35,1,0
BRDA:381,36,0,0
BRDA:381,36,1,0
BRDA:420,37,0,0
BRDA:420,37,1,0
BRDA:425,38,0,0
BRDA:425,38,1,0
BRDA:426,39,0,0
BRDA:426,39,1,0
BRDA:428,40,0,0
BRDA:428,40,1,0
BRDA:430,41,0,0
BRDA:430,41,1,0
BRDA:432,42,0,0
BRDA:432,42,1,0
BRDA:434,43,0,0
BRDA:434,43,1,0
BRDA:434,44,0,0
BRDA:434,44,1,0
BRDA:435,45,0,0
BRDA:435,45,1,0
BRDA:435,46,0,0
BRDA:435,46,1,0
BRDA:458,47,0,0
BRDA:458,47,1,0
BRDA:477,48,0,0
BRDA:477,48,1,0
BRDA:478,49,0,0
BRDA:478,49,1,0
BRDA:480,50,0,0
BRDA:480,50,1,0
BRDA:482,51,0,0
BRDA:482,51,1,0
BRDA:484,52,0,0
BRDA:484,52,1,0
BRDA:486,53,0,0
BRDA:486,53,1,0
BRDA:486,54,0,0
BRDA:486,54,1,0
BRDA:487,55,0,0
BRDA:487,55,1,0
BRDA:487,56,0,0
BRDA:487,56,1,0
BRDA:499,57,0,0
BRDA:499,57,1,0
BRDA:513,58,0,0
BRDA:513,58,1,0
BRDA:513,59,0,0
BRDA:513,59,1,0
BRDA:530,60,0,0
BRDA:530,60,1,0
BRDA:579,61,0,0
BRDA:579,61,1,0
BRDA:580,62,0,0
BRDA:580,62,1,0
BRDA:604,63,0,0
BRDA:604,63,1,0
BRDA:607,64,0,0
BRDA:607,64,1,0
BRDA:608,65,0,0
BRDA:608,65,1,0
BRDA:611,66,0,0
BRDA:611,66,1,0
BRDA:616,67,0,0
BRDA:616,67,1,0
BRDA:623,68,0,0
BRDA:623,68,1,0
BRDA:624,69,0,0
BRDA:624,69,1,0
BRDA:629,70,0,0
BRDA:629,70,1,0
BRDA:634,71,0,0
BRDA:634,71,1,0
BRDA:652,72,0,0
BRDA:652,72,1,0
BRDA:658,73,0,0
BRDA:658,73,1,0
BRDA:658,74,0,0
BRDA:658,74,1,0
BRDA:679,75,0,0
BRDA:679,75,1,0
BRDA:683,76,0,0
BRDA:683,76,1,0
BRDA:711,77,0,0
BRDA:711,77,1,0
BRDA:712,78,0,0
BRDA:712,78,1,0
BRDA:712,78,2,0
BRDA:712,78,3,0
BRDA:712,78,4,0
BRDA:743,79,0,0
BRDA:743,79,1,0
BRDA:745,80,0,0
BRDA:745,80,1,0
BRDA:747,81,0,0
BRDA:747,81,1,0
BRDA:749,82,0,0
BRDA:749,82,1,0
BRDA:759,83,0,0
BRDA:759,83,1,0
BRDA:759,83,2,0
BRDA:764,84,0,0
BRDA:764,84,1,0
BRDA:798,85,0,0
BRDA:798,85,1,0
BRDA:801,86,0,0
BRDA:801,86,1,0
BRDA:806,87,0,0
BRDA:806,87,1,0
BRDA:806,88,0,0
BRDA:806,88,1,0
BRDA:851,89,0,0
BRDA:851,89,1,0
BRDA:854,90,0,0
BRDA:854,90,1,0
BRDA:866,91,0,0
BRDA:866,91,1,0
BRDA:909,92,0,0
BRDA:909,92,1,0
BRDA:926,93,0,0
BRDA:926,93,1,0
BRDA:943,94,0,0
BRDA:943,94,1,0
BRDA:957,95,0,0
BRDA:957,95,1,0
BRDA:967,96,0,0
BRDA:967,96,1,0
BRDA:1021,97,0,0
BRDA:1021,97,1,0
BRDA:1021,98,0,0
BRDA:1021,98,1,0
BRDA:1039,99,0,0
BRDA:1039,99,1,0
BRDA:1053,100,0,0
BRDA:1053,100,1,0
BRDA:1058,101,0,0
BRDA:1058,101,1,0
BRDA:1076,102,0,0
BRDA:1076,102,1,0
BRDA:1094,103,0,0
BRDA:1094,103,1,0
BRDA:1136,104,0,0
BRDA:1136,104,1,0
BRDA:1153,105,0,0
BRDA:1153,105,1,0
BRDA:1157,106,0,0
BRDA:1157,106,1,0
BRDA:1166,107,0,0
BRDA:1166,107,1,0
BRDA:1166,108,0,0
BRDA:1166,108,1,0
BRDA:1176,109,0,0
BRDA:1176,109,1,0
BRDA:1176,110,0,0
BRDA:1176,110,1,0
BRDA:1231,111,0,0
BRDA:1231,111,1,0
BRDA:1241,112,0,0
BRDA:1241,112,1,0
BRDA:1284,113,0,0
BRDA:1284,113,1,0
BRDA:1291,114,0,0
BRDA:1291,114,1,0
BRDA:1298,115,0,0
BRDA:1298,115,1,0
BRDA:1313,116,0,0
BRDA:1313,116,1,0
BRDA:1328,117,0,0
BRDA:1328,117,1,0
BRDA:1347,118,0,0
BRDA:1347,118,1,0
BRDA:1350,119,0,0
BRDA:1350,119,1,0
BRDA:1381,120,0,0
BRDA:1381,120,1,0
BRDA:1381,120,2,0
BRDA:1394,121,0,0
BRDA:1394,121,1,0
BRDA:1408,122,0,0
BRDA:1408,122,1,0
BRDA:1408,122,2,0
BRDA:1408,122,3,0
BRDA:1408,122,4,0
BRDA:1423,123,0,0
BRDA:1423,123,1,0
BRDA:1438,124,0,0
BRDA:1438,124,1,0
BRDA:1453,125,0,0
BRDA:1453,125,1,0
BRDA:1479,126,0,0
BRDA:1479,126,1,0
BRDA:1495,127,0,0
BRDA:1495,127,1,0
BRDA:1514,128,0,0
BRDA:1514,128,1,0
BRDA:1514,129,0,0
BRDA:1514,129,1,0
BRDA:1534,130,0,0
BRDA:1534,130,1,0
[...]
FN:100,(anonymous_6)
FNF:7
FNH:0
FNDA:0,(anonymous_0)
FNDA:0,(anonymous_1)
FNDA:0,(anonymous_2)
FNDA:0,(anonymous_3)
FNDA:0,(anonymous_4)
FNDA:0,(anonymous_5)
FNDA:0,(anonymous_6)
DA:5,4
DA:6,0
DA:7,0
DA:9,0
DA:12,4
DA:13,0
DA:14,0
DA:15,0
DA:17,0
DA:18,0
DA:19,0
DA:23,4
DA:24,0
DA:25,0
DA:28,0
DA:29,0
DA:31,0
DA:32,0
DA:33,0
DA:37,4
DA:38,0
DA:39,0
DA:43,0
DA:44,0
DA:46,0
DA:47,0
DA:48,0
DA:52,4
DA:53,0
DA:56,0
DA:59,0
DA:61,0
DA:62,0
DA:63,0
DA:66,0
DA:67,0
DA:70,0
DA:77,0
DA:80,0
DA:81,0
DA:83,0
DA:84,0
DA:85,0
DA:89,4
DA:90,0
DA:91,0
DA:92,0
DA:94,0
DA:95,0
DA:96,0
DA:100,4
DA:101,0
DA:102,0
DA:106,0
DA:107,0
DA:109,0
DA:110,0
DA:111,0
LF:58
LH:7
BRDA:6,0,0,0
BRDA:6,0,1,0
BRDA:6,1,0,0
BRDA:6,1,1,0
BRDA:7,2,0,0
BRDA:7,2,1,0
BRDA:9,3,0,0
BRDA:9,3,1,0
BRDA:15,4,0,0
BRDA:15,4,1,0
BRDA:56,5,0,0
BRDA:56,5,1,0
BRDA:59,6,0,0
BRDA:59,6,1,0
BRDA:80,7,0,0
BRDA:80,7,1,0
BRF:16
BRH:0
end_of_record
TN:
SF:src/services/authService.js
FN:11,(anonymous_0)
FN:21,(anonymous_1)
FN:28,(anonymous_2)
FN:46,(anonymous_3)
FN:64,(anonymous_4)
FN:76,(anonymous_5)
FN:90,(anonymous_6)
FN:114,(anonymous_7)
FN:119,(anonymous_8)
FN:136,(anonymous_9)
FN:149,(anonymous_10)
FN:162,(anonymous_11)
FN:175,(anonymous_12)
FN:188,(anonymous_13)
FN:201,(anonymous_14)
FN:214,(anonymous_15)
FN:226,(anonymous_16)
FN:239,(anonymous_17)
FN:252,(anonymous_18)
FN:266,(anonymous_19)
FN:278,(anonymous_20)
FN:291,(anonymous_21)
FN:307,(anonymous_22)
FN:320,(anonymous_23)
FN:334,(anonymous_24)
FN:348,(anonymous_25)
FN:365,(anonymous_26)
FNF:27
FNH:4
FNDA:1,(anonymous_0)
FNDA:0,(anonymous_1)
FNDA:0,(anonymous_2)
FNDA:2,(anonymous_3)
FNDA:1,(anonymous_4)
FNDA:0,(anonymous_5)
FNDA:0,(anonymous_6)
FNDA:2,(anonymous_7)
FNDA:0,(anonymous_8)
FNDA:0,(anonymous_9)
FNDA:0,(anonymous_10)
FNDA:0,(anonymous_11)
FNDA:0,(anonymous_12)
FNDA:0,(anonymous_13)
FNDA:0,(anonymous_14)
FNDA:0,(anonymous_15)
FNDA:0,(anonymous_16)
FNDA:0,(anonymous_17)
FNDA:0,(anonymous_18)
FNDA:0,(anonymous_19)
FNDA:0,(anonymous_20)
FNDA:0,(anonymous_21)
FNDA:0,(anonymous_22)
FNDA:0,(anonymous_23)
FNDA:0,(anonymous_24)
FNDA:0,(anonymous_25)
FNDA:0,(anonymous_26)
DA:11,6
DA:13,1
DA:15,1
DA:18,0
DA:21,6
DA:22,0
DA:28,6
DA:29,0
DA:30,0
DA:35,0
DA:36,0
DA:38,0
DA:40,0
DA:41,0
DA:46,6
DA:47,2
DA:48,2
DA:53,1
DA:54,1
DA:56,1
DA:58,1
DA:59,1
DA:64,6
DA:65,1
DA:66,1
DA:68,0
DA:69,0
DA:71,1
DA:76,6
DA:77,0
DA:78,0
DA:82,0
DA:84,0
DA:85,0
DA:90,6
DA:96,0
DA:98,0
DA:99,0
DA:100,0
DA:102,0
DA:106,0
DA:108,0
DA:109,0
DA:114,6
DA:115,2
DA:119,6
DA:120,0
DA:121,0
DA:122,0
DA:125,0
DA:126,0
DA:127,0
DA:130,0
DA:131,0
DA:132,0
DA:136,6
DA:137,0
DA:138,0
DA:142,0
DA:144,0
DA:145,0
DA:149,6
DA:150,0
DA:151,0
DA:155,0
DA:157,0
DA:158,0
DA:162,6
DA:163,0
DA:164,0
DA:168,0
DA:170,0
DA:171,0
DA:175,6
DA:176,0
DA:177,0
DA:181,0
DA:183,0
DA:184,0
DA:188,6
DA:189,0
DA:190,0
DA:194,0
DA:196,0
DA:197,0
DA:201,6
DA:202,0
DA:203,0
DA:207,0
DA:209,0
DA:210,0
DA:214,6
DA:215,0
DA:216,0
DA:219,0
DA:221,0
DA:222,0
DA:226,6
DA:227,0
DA:228,0
DA:232,0
DA:234,0
DA:235,0
DA:239,6
DA:240,0
DA:241,0
DA:245,0
DA:247,0
DA:248,0
DA:252,6
DA:253,0
DA:255,0
DA:259,0
DA:261,0
DA:262,0
DA:266,6
DA:267,0
DA:268,0
DA:271,0
DA:273,0
DA:274,0
DA:278,6
DA:279,0
DA:280,0
DA:284,0
DA:286,0
DA:287,0
DA:291,6
DA:292,0
DA:293,0
DA:297,0
DA:299,0
DA:300,0
DA:301,0
DA:307,6
DA:308,0
DA:309,0
DA:312,0
DA:314,0
DA:315,0
DA:316,0
DA:320,6
DA:321,0
DA:322,0
DA:326,0
DA:328,0
DA:329,0
DA:330,0
DA:334,6
DA:335,0
DA:336,0
DA:340,0
DA:342,0
DA:343,0
DA:344,0
DA:348,6
DA:349,0
DA:350,0
DA:354,0
DA:355,0
DA:357,0
DA:359,0
DA:360,0
DA:361,0
DA:365,6
DA:366,0
DA:367,0
DA:371,0
DA:373,0
DA:374,0
DA:375,0
LF:171
LH:40
BRDA:13,0,0,1
BRDA:13,0,1,0
BRDA:13,1,0,1
BRDA:13,1,1,1
BRDA:15,2,0,1
BRDA:15,2,1,0
BRDA:18,3,0,0
BRDA:18,3,1,0
BRDA:18,3,2,0
BRDA:35,4,0,0
BRDA:35,4,1,0
BRDA:53,5,0,1
BRDA:53,5,1,0
BRDA:99,6,0,0
BRDA:99,6,1,0
BRDA:125,7,0,0
BRDA:125,7,1,0
BRDA:125,8,0,0
BRDA:125,8,1,0
BRDA:354,9,0,0
BRDA:354,9,1,0
BRF:21
BRH:5
end_of_record
TN:
SF:src/services/authServiceOptimized.js
FN:24,(anonymous_0)
FN:47,(anonymous_1)
FN:58,(anonymous_2)
FN:71,(anonymous_3)
FN:82,(anonymous_4)
FN:115,(anonymous_5)
FN:128,(anonymous_6)
FN:150,(anonymous_7)
FN:158,(anonymous_8)
FN:176,(anonymous_9)
FN:190,(anonymous_10)
FN:212,(anonymous_11)
FN:214,(anonymous_12)
FN:218,(anonymous_13)
FN:222,(anonymous_14)
FN:237,(anonymous_15)
FNF:16
FNH:0
FNDA:0,(anonymous_0)
FNDA:0,(anonymous_1)
FNDA:0,(anonymous_2)
FNDA:0,(anonymous_3)
FNDA:0,(anonymous_4)
FNDA:0,(anonymous_5)
FNDA:0,(anonymous_6)
FNDA:0,(anonymous_7)
FNDA:0,(anonymous_8)
FNDA:0,(anonymous_9)
FNDA:0,(anonymous_10)
FNDA:0,(anonymous_11)
FNDA:0,(anonymous_12)
FNDA:0,(anonymous_13)
FNDA:0,(anonymous_14)
FNDA:0,(anonymous_15)
DA:17,0
DA:18,0
DA:19,0
DA:24,0
DA:25,0
DA:26,0
DA:29,0
DA:30,0
DA:31,0
DA:32,0
DA:34,0
DA:37,0
DA:38,0
DA:39,0
DA:41,0
DA:47,0
DA:48,0
DA:49,0
DA:50,0
DA:51,0
DA:52,0
DA:58,0
DA:59,0
DA:71,0
DA:72,0
DA:73,0
DA:75,0
DA:82,0
DA:83,0
DA:84,0
DA:85,0
DA:87,0
DA:90,0
DA:91,0
DA:93,0
DA:94,0
DA:98,0
DA:100,0
DA:101,0
DA:104,0
DA:106,0
DA:107,0
DA:108,0
DA:115,0
DA:116,0
DA:117,0
DA:118,0
DA:120,0
DA:128,0
DA:131,0
DA:132,0
DA:133,0
DA:134,0
DA:138,0
DA:139,0
DA:140,0
DA:150,0
DA:151,0
DA:158,0
DA:159,0
DA:160,0
DA:163,0
DA:164,0
DA:169,0
DA:170,0
DA:176,0
DA:177,0
DA:178,0
DA:180,0
DA:182,0
DA:183,0
DA:190,0
DA:191,0
DA:195,0
DA:196,0
DA:201,0
DA:202,0
DA:205,0
DA:212,0
DA:213,0
DA:216,0
DA:218,0
DA:220,0
DA:224,0
DA:225,0
DA:226,0
DA:228,0
DA:237,0
DA:238,0
DA:241,0
DA:242,0
DA:246,0
LF:92
LH:0
BRDA:29,0,0,0
BRDA:29,0,1,0
BRDA:31,1,0,0
BRDA:31,1,1,0
BRDA:58,2,0,0
BRDA:58,3,0,0
BRDA:63,4,0,0
BRDA:63,4,1,0
BRDA:85,5,0,0
BRDA:85,5,1,0
BRDA:91,6,0,0
BRDA:91,6,1,0
BRDA:91,7,0,0
BRDA:91,7,1,0
BRDA:98,8,0,0
BRDA:98,8,1,0
BRDA:128,9,0,0
BRDA:131,10,0,0
BRDA:131,10,1,0
BRDA:133,11,0,0
BRDA:133,11,1,0
BRDA:133,12,0,0
BRDA:133,12,1,0
BRDA:163,13,0,0
BRDA:163,13,1,0
BRDA:163,14,0,0
BRDA:163,14,1,0
BRDA:191,15,0,0
BRDA:191,15,1,0
BRDA:191,15,2,0
BRDA:191,15,3,0
BRDA:191,15,4,0
BRDA:191,15,5,0
BRDA:216,16,0,0
BRDA:216,16,1,0
BRDA:224,17,0,0
BRDA:224,17,1,0
BRDA:241,18,0,0
BRDA:241,18,1,0
BRF:39
BRH:0
end_of_record
TN:
SF:src/services/blogService.js
FN:7,(anonymous_0)
FN:18,(anonymous_1)
FN:26,(anonymous_2)
FN:43,(anonymous_3)
FN:52,(anonymous_4)
FNF:5
FNH:0
FNDA:0,(anonymous_0)
FNDA:0,(anonymous_1)
FNDA:0,(anonymous_2)
FNDA:0,(anonymous_3)
FNDA:0,(anonymous_4)
DA:3,1
DA:4,1
DA:7,1
DA:8,0
DA:9,0
DA:11,0
DA:14,0
DA:18,1
DA:19,0
DA:22,0
DA:26,1
DA:28,0
DA:29,0
DA:30,0
DA:33,0
DA:38,0
DA:39,0
DA:43,1
DA:44,0
DA:48,0
DA:52,1
DA:53,0
DA:56,0
DA:59,1
LF:24
LH:8
BRDA:7,0,0,0
BRDA:7,1,0,0
BRDA:7,2,0,0
BRDA:9,3,0,0
BRDA:9,3,1,0
BRF:5
BRH:0
end_of_record
TN:
SF:src/services/buyerMarketplaceService.js
FN:9,(anonymous_0)
FN:13,(anonymous_1)
FN:17,(anonymous_2)
FN:21,(anonymous_3)
FN:29,(anonymous_4)
FN:33,(anonymous_5)
FN:37,(anonymous_6)
FN:45,(anonymous_7)
FNF:8
FNH:0
FNDA:0,(anonymous_0)
FNDA:0,(anonymous_1)
FNDA:0,(anonymous_2)
FNDA:0,(anonymous_3)
FNDA:0,(anonymous_4)
FNDA:0,(anonymous_5)
FNDA:0,(anonymous_6)
FNDA:0,(anonymous_7)
DA:3,0
DA:9,0
DA:10,0
DA:13,0
DA:14,0
DA:17,0
DA:18,0
DA:21,0
DA:22,0
DA:29,0
DA:30,0
DA:33,0
DA:34,0
DA:37,0
DA:38,0
DA:45,0
DA:46,0
DA:49,0
LF:18
LH:0
BRDA:29,0,0,0
BRF:1
BRH:0
end_of_record
TN:
SF:src/services/discountService.js
FN:6,(anonymous_0)
FN:12,(anonymous_1)
FN:22,(anonymous_2)
FN:28,(anonymous_3)
FN:34,(anonymous_4)
FN:40,(anonymous_5)
FN:55,(anonymous_6)
FNF:7
FNH:0
FNDA:0,(anonymous_0)
FNDA:0,(anonymous_1)
FNDA:0,(anonymous_2)
FNDA:0,(anonymous_3)
FNDA:0,(anonymous_4)
FNDA:0,(anonymous_5)
FNDA:0,(anonymous_6)
DA:3,8
DA:6,8
DA:7,0
DA:8,0
DA:12,8
DA:13,0
DA:14,0
DA:15,0
DA:17,0
DA:18,0
DA:22,8
DA:23,0
DA:24,0
DA:28,8
DA:29,0
DA:30,0
DA:34,8
DA:35,0
DA:36,0
DA:40,8
DA:41,0
DA:43,0
DA:44,0
DA:47,0
DA:48,0
DA:51,0
DA:55,8
DA:56,0
DA:57,0
DA:60,8
LF:30
LH:9
BRDA:12,0,0,0
BRDA:14,1,0,0
BRDA:14,1,1,0
BRDA:40,2,0,0
BRDA:43,3,0,0
BRDA:43,3,1,0
BRDA:49,4,0,0
BRDA:49,4,1,0
BRF:8
BRH:0
end_of_record
TN:
SF:src/services/expenseService.js
FN:6,(anonymous_0)
FN:12,(anonymous_1)
FN:30,(anonymous_2)
FN:36,(anonymous_3)
FN:42,(anonymous_4)
FN:48,(anonymous_5)
FNF:6
FNH:0
FNDA:0,(anonymous_0)
FNDA:0,(anonymous_1)
FNDA:0,(anonymous_2)
FNDA:0,(anonymous_3)
FNDA:0,(anonymous_4)
FNDA:0,(anonymous_5)
DA:3,8
DA:6,8
DA:7,0
DA:8,0
DA:12,8
DA:13,0
DA:15,0
DA:16,0
DA:18,0
DA:19,0
DA:21,0
DA:22,0
DA:25,0
DA:26,0
DA:30,8
DA:31,0
DA:32,0
DA:36,8
DA:37,0
DA:38,0
DA:42,8
DA:43,0
DA:44,0
DA:48,8
DA:49,0
DA:51,0
DA:52,0
DA:54,0
DA:55,0
DA:58,0
DA:59,0
DA:62,8
LF:32
LH:8
BRDA:12,0,0,0
BRDA:12,1,0,0
BRDA:12,2,0,0
BRDA:15,3,0,0
BRDA:15,3,1,0
BRDA:18,4,0,0
BRDA:18,4,1,0
BRDA:21,5,0,0
BRDA:21,5,1,0
BRDA:21,6,0,0
BRDA:21,6,1,0
BRDA:48,7,0,0
BRDA:51,8,0,0
BRDA:51,8,1,0
BRDA:54,9,0,0
BRDA:54,9,1,0
BRF:16
BRH:0
end_of_record
TN:
SF:src/services/integrationService.js
FN:5,(anonymous_0)
FN:15,(anonymous_1)
FN:29,(anonymous_2)
FN:46,(anonymous_3)
FN:61,(anonymous_4)
FN:78,(anonymous_5)
FN:94,(anonymous_6)
FN:109,(anonymous_7)
FN:125,(anonymous_8)
FN:140,(anonymous_9)
FN:155,(anonymous_10)
FN:172,(anonymous_11)
FN:187,(anonymous_12)
FN:205,(anonymous_13)
FN:220,(anonymous_14)
FN:236,(anonymous_15)
FN:252,(anonymous_16)
FN:267,(anonymous_17)
FN:281,(anonymous_18)
FN:296,(anonymous_19)
FN:309,(anonymous_20)
FNF:21
FNH:0
FNDA:0,(anonymous_0)
FNDA:0,(anonymous_1)
FNDA:0,(anonymous_2)
FNDA:0,(anonymous_3)
FNDA:0,(anonymous_4)
FNDA:0,(anonymous_5)
FNDA:0,(anonymous_6)
FNDA:0,(anonymous_7)
FNDA:0,(anonymous_8)
FNDA:0,(anonymous_9)
FNDA:0,(anonymous_10)
FNDA:0,(anonymous_11)
FNDA:0,(anonymous_12)
FNDA:0,(anonymous_13)
FNDA:0,(anonymous_14)
FNDA:0,(anonymous_15)
FNDA:0,(anonymous_16)
FNDA:0,(anonymous_17)
FNDA:0,(anonymous_18)
FNDA:0,(anonymous_19)
FNDA:0,(anonymous_20)
DA:5,0
DA:6,0
DA:7,0
DA:9,0
DA:15,0
DA:16,0
DA:17,0
DA:18,0
DA:20,0
DA:21,0
DA:22,0
DA:29,0
DA:30,0
DA:31,0
DA:34,0
DA:35,0
DA:37,0
DA:38,0
DA:39,0
DA:46,0
DA:47,0
DA:48,0
DA:49,0
DA:50,0
DA:52,0
DA:53,0
DA:54,0
DA:61,0
DA:62,0
DA:63,0
DA:66,0
DA:67,0
DA:69,0
DA:70,0
DA:71,0
DA:78,0
DA:79,0
DA:80,0
DA:81,0
DA:82,0
DA:84,0
DA:85,0
DA:86,0
DA:94,0
DA:95,0
DA:96,0
DA:97,0
DA:98,0
DA:100,0
DA:101,0
DA:102,0
DA:109,0
DA:110,0
DA:111,0
DA:112,0
DA:113,0
DA:115,0
DA:116,0
DA:117,0
DA:125,0
DA:126,0
DA:127,0
DA:128,0
DA:129,0
DA:131,0
DA:132,0
DA:133,0
DA:140,0
DA:141,0
DA:142,0
DA:143,0
DA:144,0
DA:146,0
DA:147,0
DA:148,0
DA:155,0
DA:156,0
DA:157,0
DA:160,0
DA:161,0
DA:163,0
DA:164,0
DA:165,0
DA:172,0
DA:173,0
DA:174,0
DA:175,0
DA:176,0
DA:178,0
DA:179,0
DA:180,0
DA:187,0
DA:188,0
DA:189,0
DA:193,0
DA:194,0
DA:196,0
DA:197,0
DA:198,0
DA:205,0
DA:206,0
DA:207,0
DA:208,0
DA:209,0
DA:211,0
DA:212,0
DA:213,0
DA:220,0
DA:221,0
DA:222,0
DA:225,0
DA:227,0
DA:228,0
DA:229,0
DA:236,0
DA:237,0
DA:238,0
DA:241,0
DA:243,0
DA:244,0
DA:245,0
DA:252,0
DA:253,0
DA:254,0
DA:255,0
DA:256,0
DA:258,0
DA:259,0
DA:260,0
DA:267,0
DA:268,0
DA:269,0
DA:270,0
DA:272,0
DA:273,0
DA:274,0
DA:281,0
DA:282,0
DA:283,0
DA:284,0
DA:285,0
DA:287,0
DA:288,0
DA:289,0
DA:296,0
DA:297,0
DA:298,0
DA:299,0
DA:301,0
DA:302,0
DA:303,0
DA:309,0
DA:310,0
DA:311,0
DA:312,0
DA:314,0
DA:315,0
LF:157
LH:0
BRDA:6,0,0,0
BRDA:6,0,1,0
BRDA:6,1,0,0
BRDA:6,1,1,0
BRDA:7,2,0,0
BRDA:7,2,1,0
BRDA:9,3,0,0
BRDA:9,3,1,0
BRDA:18,4,0,0
BRDA:18,4,1,0
BRDA:29,5,0,0
BRDA:61,6,0,0
BRDA:94,7,0,0
BRDA:125,8,0,0
BRDA:220,9,0,0
BRDA:220,10,0,0
BRDA:225,11,0,0
BRDA:225,11,1,0
BRDA:236,12,0,0
BRDA:236,13,0,0
BRDA:241,14,0,0
BRDA:241,14,1,0
BRDA:270,15,0,0
BRDA:270,15,1,0
BRDA:299,16,0,0
BRDA:299,16,1,0
BRF:26
BRH:0
end_of_record
TN:
SF:src/services/kycService.js
FN:9,(anonymous_0)
FN:17,(anonymous_1)
FN:26,(anonymous_2)
FN:34,(anonymous_3)
FN:42,(anonymous_4)
FN:50,(anonymous_5)
FN:58,(anonymous_6)
FNF:7
FNH:0
FNDA:0,(anonymous_0)
FNDA:0,(anonymous_1)
FNDA:0,(anonymous_2)
FNDA:0,(anonymous_3)
FNDA:0,(anonymous_4)
FNDA:0,(anonymous_5)
FNDA:0,(anonymous_6)
DA:3,0
DA:9,0
DA:10,0
DA:17,0
DA:18,0
DA:26,0
DA:27,0
DA:34,0
DA:35,0
DA:42,0
DA:43,0
DA:50,0
DA:51,0
DA:58,0
DA:59,0
DA:64,0
LF:16
LH:0
BRDA:34,0,0,0
BRF:1
BRH:0
end_of_record
TN:
SF:src/services/marketplaceService.js
FN:7,(anonymous_0)
FN:15,(anonymous_1)
FN:20,(anonymous_2)
FN:25,(anonymous_3)
FN:30,(anonymous_4)
FN:38,(anonymous_5)
FN:43,(anonymous_6)
FN:48,(anonymous_7)
FN:53,(anonymous_8)
FN:58,(anonymous_9)
FN:63,(anonymous_10)
FN:68,(anonymous_11)
FN:73,(anonymous_12)
FN:81,(anonymous_13)
FN:91,(anonymous_14)
FN:96,(anonymous_15)
FN:101,(anonymous_16)
FNF:17
FNH:0
FNDA:0,(anonymous_0)
FNDA:0,(anonymous_1)
FNDA:0,(anonymous_2)
FNDA:0,(anonymous_3)
FNDA:0,(anonymous_4)
FNDA:0,(anonymous_5)
FNDA:0,(anonymous_6)
FNDA:0,(anonymous_7)
FNDA:0,(anonymous_8)
FNDA:0,(anonymous_9)
FNDA:0,(anonymous_10)
FNDA:0,(anonymous_11)
FNDA:0,(anonymous_12)
FNDA:0,(anonymous_13)
FNDA:0,(anonymous_14)
FNDA:0,(anonymous_15)
FNDA:0,(anonymous_16)
DA:3,7
DA:4,7
DA:5,7
DA:7,7
DA:8,0
DA:9,0
DA:11,0
DA:12,0
DA:15,7
DA:16,0
DA:17,0
DA:20,7
DA:21,0
DA:22,0
DA:25,7
DA:26,0
DA:27,0
DA:30,7
DA:31,0
DA:35,0
DA:38,7
DA:39,0
DA:40,0
DA:43,7
DA:44,0
DA:45,0
DA:48,7
DA:49,0
DA:50,0
DA:53,7
DA:54,0
DA:55,0
DA:58,7
DA:59,0
DA:60,0
DA:63,7
DA:64,0
DA:65,0
DA:68,7
DA:69,0
DA:70,0
DA:73,7
DA:74,0
DA:78,0
DA:81,7
DA:82,0
DA:83,0
DA:84,0
DA:85,0
DA:87,0
DA:88,0
DA:91,7
DA:92,0
DA:93,0
DA:96,7
DA:97,0
DA:98,0
DA:101,7
DA:102,0
DA:103,0
DA:106,7
LF:61
LH:21
BRDA:7,0,0,0
BRDA:7,1,0,0
BRDA:9,2,0,0
BRDA:9,2,1,0
BRDA:20,3,0,0
BRDA:81,4,0,0
BRDA:81,5,0,0
BRDA:81,6,0,0
BRDA:81,7,0,0
BRDA:83,8,0,0
BRDA:83,8,1,0
BRF:11
BRH:0
end_of_record
TN:
SF:src/services/realtimeClient.js
FN:31,(anonymous_0)
FN:51,(anonymous_1)
FN:78,(anonymous_2)
FN:101,(anonymous_3)
FN:110,(anonymous_4)
FN:120,(anonymous_5)
FN:141,(anonymous_6)
FN:165,(anonymous_7)
FN:185,(anonymous_8)
FN:193,(anonymous_9)
FN:204,(anonymous_10)
FN:209,(anonymous_11)
FN:219,(anonymous_12)
FN:225,(anonymous_13)
FN:239,(anonymous_14)
FN:272,(anonymous_15)
FN:284,(anonymous_16)
FN:296,(anonymous_17)
FN:303,(anonymous_18)
FN:315,(anonymous_19)
FN:342,(anonymous_20)
FN:361,(anonymous_21)
FN:369,(anonymous_22)
FN:372,(anonymous_23)
FN:382,(anonymous_24)
FN:392,(anonymous_25)
FN:407,(anonymous_26)
FN:414,(anonymous_27)
FN:424,(anonymous_28)
FN:435,(anonymous_29)
FN:442,(anonymous_30)
FN:456,(anonymous_31)
FN:468,(anonymous_32)
FN:475,(anonymous_33)
FNF:34
FNH:0
FNDA:0,(anonymous_0)
FNDA:0,(anonymous_1)
FNDA:0,(anonymous_2)
FNDA:0,(anonymous_3)
FNDA:0,(anonymous_4)
FNDA:0,(anonymous_5)
FNDA:0,(anonymous_6)
FNDA:0,(anonymous_7)
FNDA:0,(anonymous_8)
FNDA:0,(anonymous_9)
FNDA:0,(anonymous_10)
FNDA:0,(anonymous_11)
FNDA:0,(anonymous_12)
FNDA:0,(anonymous_13)
FNDA:0,(anonymous_14)
FNDA:0,(anonymous_15)
FNDA:0,(anonymous_16)
FNDA:0,(anonymous_17)
FNDA:0,(anonymous_18)
FNDA:0,(anonymous_19)
FNDA:0,(anonymous_20)
FNDA:0,(anonymous_21)
FNDA:0,(anonymous_22)
FNDA:0,(anonymous_23)
FNDA:0,(anonymous_24)
FNDA:0,(anonymous_25)
FNDA:0,(anonymous_26)
FNDA:0,(anonymous_27)
FNDA:0,(anonymous_28)
FNDA:0,(anonymous_29)
FNDA:0,(anonymous_30)
FNDA:0,(anonymous_31)
FNDA:0,(anonymous_32)
FNDA:0,(anonymous_33)
DA:22,0
DA:32,0
DA:33,0
DA:34,0
DA:35,0
DA:36,0
DA:37,0
DA:38,0
DA:39,0
DA:40,0
DA:41,0
DA:42,0
DA:43,0
DA:44,0
DA:53,0
DA:57,0
DA:58,0
DA:61,0
DA:62,0
DA:65,0
DA:66,0
DA:68,0
DA:79,0
DA:80,0
DA:82,0
DA:86,0
DA:89,0
DA:92,0
DA:95,0
DA:99,0
DA:101,0
DA:102,0
DA:103,0
DA:104,0
DA:105,0
DA:106,0
DA:107,0
DA:110,0
DA:111,0
DA:112,0
DA:113,0
DA:114,0
DA:116,0
DA:120,0
DA:121,0
DA:126,0
DA:127,0
DA:130,0
DA:131,0
DA:132,0
DA:133,0
DA:135,0
DA:137,0
DA:141,0
DA:142,0
DA:143,0
DA:144,0
DA:147,0
DA:148,0
DA:149,0
DA:150,0
DA:154,0
DA:155,0
DA:156,0
DA:157,0
DA:166,0
DA:169,0
DA:173,0
DA:175,0
DA:178,0
DA:181,0
DA:183,0
DA:185,0
DA:186,0
DA:187,0
DA:188,0
DA:189,0
DA:190,0
DA:193,0
DA:194,0
DA:195,0
DA:196,0
DA:197,0
DA:199,0
DA:204,0
DA:205,0
DA:206,0
DA:209,0
DA:210,0
DA:211,0
DA:212,0
DA:213,0
DA:215,0
DA:219,0
DA:220,0
DA:221,0
DA:222,0
DA:225,0
DA:226,0
DA:227,0
DA:228,0
DA:231,0
DA:232,0
DA:240,0
DA:242,0
DA:244,0
DA:245,0
DA:248,0
DA:249,0
DA:253,0
DA:256,0
DA:257,0
DA:260,0
DA:261,0
DA:262,0
DA:265,0
DA:274,0
DA:277,0
DA:280,0
DA:281,0
DA:282,0
DA:284,0
DA:285,0
DA:286,0
DA:288,0
DA:297,0
DA:298,0
DA:300,0
DA:303,0
DA:304,0
DA:305,0
DA:306,0
DA:307,0
DA:316,0
DA:317,0
DA:319,0
DA:320,0
DA:321,0
DA:322,0
DA:325,0
DA:326,0
DA:329,0
DA:333,0
DA:334,0
DA:336,0
DA:342,0
DA:344,0
DA:345,0
DA:346,0
DA:347,0
DA:350,0
DA:351,0
DA:353,0
DA:362,0
DA:363,0
DA:370,0
DA:372,0
DA:373,0
DA:374,0
DA:383,0
DA:384,0
DA:385,0
DA:393,0
DA:399,0
DA:400,0
DA:408,0
DA:410,0
DA:414,0
DA:415,0
DA:418,0
DA:425,0
DA:426,0
DA:427,0
DA:429,0
DA:436,0
DA:443,0
DA:444,0
DA:445,0
DA:447,0
DA:448,0
DA:449,0
DA:457,0
DA:458,0
DA:459,0
DA:460,0
DA:461,0
DA:462,0
DA:469,0
DA:476,0
DA:481,0
LF:190
LH:0
BRDA:53,0,0,0
BRDA:53,0,1,0
BRDA:54,1,0,0
BRDA:54,1,1,0
BRDA:65,2,0,0
BRDA:65,2,1,0
BRDA:65,3,0,0
BRDA:65,3,1,0
BRDA:80,4,0,0
BRDA:80,4,1,0
BRDA:82,5,0,0
BRDA:82,5,1,0
BRDA:86,6,0,0
BRDA:86,6,1,0
BRDA:130,7,0,0
BRDA:130,7,1,0
BRDA:133,8,0,0
BRDA:133,8,1,0
BRDA:147,9,0,0
BRDA:147,9,1,0
BRDA:169,10,0,0
BRDA:169,10,1,0
BRDA:173,11,0,0
BRDA:173,11,1,0
BRDA:242,12,0,0
BRDA:242,12,1,0
BRDA:242,12,2,0
BRDA:242,12,3,0
BRDA:242,12,4,0
BRDA:242,12,5,0
BRDA:281,13,0,0
BRDA:281,13,1,0
BRDA:282,14,0,0
BRDA:282,14,1,0
BRDA:297,15,0,0
BRDA:297,15,1,0
BRDA:306,16,0,0
BRDA:306,16,1,0
BRDA:315,17,0,0
BRDA:319,18,0,0
BRDA:319,18,1,0
BRDA:334,19,0,0
BRDA:334,19,1,0
BRDA:344,20,0,0
BRDA:344,20,1,0
BRDA:350,21,0,0
BRDA:350,21,1,0
BRDA:370,22,0,0
BRDA:370,22,1,0
BRDA:373,23,0,0
BRDA:373,23,1,0
BRDA:373,24,0,0
BRDA:373,24,1,0
BRDA:383,25,0,0
BRDA:383,25,1,0
BRDA:399,26,0,0
BRDA:399,26,1,0
BRDA:408,27,0,0
BRDA:408,27,1,0
BRDA:425,28,0,0
BRDA:425,28,1,0
BRDA:425,29,0,0
BRDA:425,29,1,0
BRDA:443,30,0,0
BRDA:443,30,1,0
BRDA:447,31,0,0
BRDA:447,31,1,0
BRF:67
BRH:0
end_of_record
TN:
SF:src/utils/authSession.js
FN:4,(anonymous_0)
FN:12,(anonymous_1)
FN:21,(anonymous_2)
FN:29,(anonymous_3)
FN:31,(anonymous_4)
FN:41,(anonymous_5)
FNF:6
FNH:6
FNDA:8,(anonymous_0)
FNDA:1,(anonymous_1)
FNDA:3,(anonymous_2)
FNDA:6,(anonymous_3)
FNDA:1,(anonymous_4)
FNDA:1,(anonymous_5)
DA:1,9
DA:2,9
DA:4,9
DA:5,8
DA:6,8
DA:8,0
DA:12,9
DA:13,1
DA:14,1
DA:15,1
DA:21,9
DA:22,3
DA:23,3
DA:29,9
DA:31,9
DA:32,1
DA:33,1
DA:34,1
DA:35,1
DA:36,1
DA:37,1
DA:41,1
LF:22
LH:21
BRDA:6,0,0,8
BRDA:6,0,1,7
BRDA:14,1,0,0
BRDA:14,1,1,1
BRDA:36,2,0,1
BRDA:36,2,1,0
BRDA:36,3,0,1
BRDA:36,3,1,1
BRF:8
BRH:6
end_of_record
TN:
SF:src/utils/axiosConfig.js
FNF:0
FNH:0
DA:3,0
LF:1
LH:0
BRDA:4,0,0,0
BRDA:4,0,1,0
BRF:2
BRH:0
end_of_record
TN:
SF:src/utils/debounce.js
FN:2,debounce
FN:4,(anonymous_1)
FN:5,(anonymous_2)
FNF:3
FNH:0
FNDA:0,debounce
FNDA:0,(anonymous_1)
FNDA:0,(anonymous_2)
DA:4,0
DA:5,0
DA:6,0
DA:7,0
DA:9,0
DA:10,0
LF:6
LH:0
BRF:0
BRH:0
end_of_record
TN:
SF:src/utils/productImageUtils.js
FN:1,(anonymous_0)
FN:7,(anonymous_1)
FN:10,(anonymous_2)
FN:19,(anonymous_3)
FN:24,(anonymous_4)
FN:26,(anonymous_5)
FN:33,(anonymous_6)
FN:38,(anonymous_7)
FN:45,(anonymous_8)
FNF:9
FNH:0
FNDA:0,(anonymous_0)
FNDA:0,(anonymous_1)
FNDA:0,(anonymous_2)
FNDA:0,(anonymous_3)
FNDA:0,(anonymous_4)
FNDA:0,(anonymous_5)
FNDA:0,(anonymous_6)
FNDA:0,(anonymous_7)
FNDA:0,(anonymous_8)
DA:1,1
DA:2,0
DA:3,0
DA:4,0
DA:7,1
DA:8,0
DA:9,0
DA:10,0
DA:12,0
DA:15,0
DA:16,0
DA:19,1
DA:20,0
DA:21,0
DA:24,1
DA:25,0
DA:26,0
DA:29,0
DA:30,0
DA:33,1
DA:34,0
DA:35,0
DA:38,1
DA:39,0
DA:43,0
DA:45,0
DA:46,0
DA:47,0
DA:48,0
DA:52,0
LF:30
LH:6
BRDA:2,0,0,0
BRDA:2,0,1,0
BRDA:2,1,0,0
BRDA:2,1,1,0
BRDA:3,2,0,0
BRDA:3,2,1,0
BRDA:8,3,0,0
BRDA:8,3,1,0
BRDA:12,4,0,0
BRDA:12,4,1,0
BRDA:16,5,0,0
BRDA:16,5,1,0
BRDA:21,6,0,0
BRDA:21,6,1,0
BRDA:25,7,0,0
BRDA:25,7,1,0
BRDA:30,8,0,0
BRDA:30,8,1,0
BRDA:34,9,0,0
BRDA:34,9,1,0
BRDA:34,10,0,0
BRDA:34,10,1,0
BRDA:35,11,0,0
BRDA:35,11,1,0
BRDA:35,11,2,0
BRDA:38,12,0,0
BRDA:38,13,0,0
BRDA:40,14,0,0
BRDA:40,14,1,0
BRDA:41,15,0,0
BRDA:41,15,1,0
BRDA:47,16,0,0
BRDA:47,16,1,0
BRF:33
BRH:0
end_of_record
TN:
SF:src/utils/superAdmin.js
FN:6,(anonymous_0)
FNF:1
FNH:0
FNDA:0,(anonymous_0)
DA:1,1
DA:6,1
DA:7,0
DA:8,0
LF:4
LH:2
BRDA:7,0,0,0
BRDA:7,0,1,0
BRF:2
BRH:0
end_of_record
